<?xml version="1.0" encoding="UTF-8"?>
<testsuites>
  <testsuite name="/app/phpunit-ci.xml" tests="261" assertions="4887" errors="0" failures="0" skipped="0" time="39.996909">
    <testsuite name="Unit" tests="84" assertions="139" errors="0" failures="0" skipped="0" time="3.648779">
      <testsuite name="Tests\Unit\Playground\Crm\Api\Http\Requests\Client\CreateRequestTest" file="/app/tests/Unit/Http/Requests/Client/CreateRequestTest.php" tests="1" assertions="1" errors="0" failures="0" skipped="0" time="0.293938">
        <testcase name="test_request_instance" file="/app/vendor/gammamatrix/playground-test/src/Unit/Http/Requests/RequestCase.php" line="41" class="Tests\Unit\Playground\Crm\Api\Http\Requests\Client\CreateRequestTest" classname="Tests.Unit.Playground.Crm.Api.Http.Requests.Client.CreateRequestTest" assertions="1" time="0.293938"/>
      </testsuite>
      <testsuite name="Tests\Unit\Playground\Crm\Api\Http\Requests\Client\DestroyRequestTest" file="/app/tests/Unit/Http/Requests/Client/DestroyRequestTest.php" tests="1" assertions="1" errors="0" failures="0" skipped="0" time="0.035761">
        <testcase name="test_request_instance" file="/app/vendor/gammamatrix/playground-test/src/Unit/Http/Requests/RequestCase.php" line="41" class="Tests\Unit\Playground\Crm\Api\Http\Requests\Client\DestroyRequestTest" classname="Tests.Unit.Playground.Crm.Api.Http.Requests.Client.DestroyRequestTest" assertions="1" time="0.035761"/>
      </testsuite>
      <testsuite name="Tests\Unit\Playground\Crm\Api\Http\Requests\Client\EditRequestTest" file="/app/tests/Unit/Http/Requests/Client/EditRequestTest.php" tests="1" assertions="1" errors="0" failures="0" skipped="0" time="0.047572">
        <testcase name="test_request_instance" file="/app/vendor/gammamatrix/playground-test/src/Unit/Http/Requests/RequestCase.php" line="41" class="Tests\Unit\Playground\Crm\Api\Http\Requests\Client\EditRequestTest" classname="Tests.Unit.Playground.Crm.Api.Http.Requests.Client.EditRequestTest" assertions="1" time="0.047572"/>
      </testsuite>
      <testsuite name="Tests\Unit\Playground\Crm\Api\Http\Requests\Client\IndexRequestTest" file="/app/tests/Unit/Http/Requests/Client/IndexRequestTest.php" tests="1" assertions="1" errors="0" failures="0" skipped="0" time="0.092949">
        <testcase name="test_request_instance" file="/app/vendor/gammamatrix/playground-test/src/Unit/Http/Requests/RequestCase.php" line="41" class="Tests\Unit\Playground\Crm\Api\Http\Requests\Client\IndexRequestTest" classname="Tests.Unit.Playground.Crm.Api.Http.Requests.Client.IndexRequestTest" assertions="1" time="0.092949"/>
      </testsuite>
      <testsuite name="Tests\Unit\Playground\Crm\Api\Http\Requests\Client\LockRequestTest" file="/app/tests/Unit/Http/Requests/Client/LockRequestTest.php" tests="1" assertions="1" errors="0" failures="0" skipped="0" time="0.032381">
        <testcase name="test_request_instance" file="/app/vendor/gammamatrix/playground-test/src/Unit/Http/Requests/RequestCase.php" line="41" class="Tests\Unit\Playground\Crm\Api\Http\Requests\Client\LockRequestTest" classname="Tests.Unit.Playground.Crm.Api.Http.Requests.Client.LockRequestTest" assertions="1" time="0.032381"/>
      </testsuite>
      <testsuite name="Tests\Unit\Playground\Crm\Api\Http\Requests\Client\RestoreRequestTest" file="/app/tests/Unit/Http/Requests/Client/RestoreRequestTest.php" tests="1" assertions="1" errors="0" failures="0" skipped="0" time="0.031943">
        <testcase name="test_request_instance" file="/app/vendor/gammamatrix/playground-test/src/Unit/Http/Requests/RequestCase.php" line="41" class="Tests\Unit\Playground\Crm\Api\Http\Requests\Client\RestoreRequestTest" classname="Tests.Unit.Playground.Crm.Api.Http.Requests.Client.RestoreRequestTest" assertions="1" time="0.031943"/>
      </testsuite>
      <testsuite name="Tests\Unit\Playground\Crm\Api\Http\Requests\Client\ShowRequestTest" file="/app/tests/Unit/Http/Requests/Client/ShowRequestTest.php" tests="1" assertions="1" errors="0" failures="0" skipped="0" time="0.032636">
        <testcase name="test_request_instance" file="/app/vendor/gammamatrix/playground-test/src/Unit/Http/Requests/RequestCase.php" line="41" class="Tests\Unit\Playground\Crm\Api\Http\Requests\Client\ShowRequestTest" classname="Tests.Unit.Playground.Crm.Api.Http.Requests.Client.ShowRequestTest" assertions="1" time="0.032636"/>
      </testsuite>
      <testsuite name="Tests\Unit\Playground\Crm\Api\Http\Requests\Client\StoreRequestTest" file="/app/tests/Unit/Http/Requests/Client/StoreRequestTest.php" tests="3" assertions="8" errors="0" failures="0" skipped="0" time="0.115411">
        <testcase name="test_request_instance" file="/app/vendor/gammamatrix/playground-test/src/Unit/Http/Requests/RequestCase.php" line="41" class="Tests\Unit\Playground\Crm\Api\Http\Requests\Client\StoreRequestTest" classname="Tests.Unit.Playground.Crm.Api.Http.Requests.Client.StoreRequestTest" assertions="1" time="0.053269"/>
        <testcase name="test_StoreRequest_rules_with_optional_revisions_disabled" file="/app/tests/Unit/Http/Requests/Client/StoreRequestTest.php" line="19" class="Tests\Unit\Playground\Crm\Api\Http\Requests\Client\StoreRequestTest" classname="Tests.Unit.Playground.Crm.Api.Http.Requests.Client.StoreRequestTest" assertions="3" time="0.030857"/>
        <testcase name="test_StoreRequest_rules_with_optional_revisions_enabled" file="/app/tests/Unit/Http/Requests/Client/StoreRequestTest.php" line="29" class="Tests\Unit\Playground\Crm\Api\Http\Requests\Client\StoreRequestTest" classname="Tests.Unit.Playground.Crm.Api.Http.Requests.Client.StoreRequestTest" assertions="4" time="0.031285"/>
      </testsuite>
      <testsuite name="Tests\Unit\Playground\Crm\Api\Http\Requests\Client\UnlockRequestTest" file="/app/tests/Unit/Http/Requests/Client/UnlockRequestTest.php" tests="1" assertions="1" errors="0" failures="0" skipped="0" time="0.031923">
        <testcase name="test_request_instance" file="/app/vendor/gammamatrix/playground-test/src/Unit/Http/Requests/RequestCase.php" line="41" class="Tests\Unit\Playground\Crm\Api\Http\Requests\Client\UnlockRequestTest" classname="Tests.Unit.Playground.Crm.Api.Http.Requests.Client.UnlockRequestTest" assertions="1" time="0.031923"/>
      </testsuite>
      <testsuite name="Tests\Unit\Playground\Crm\Api\Http\Requests\Client\UpdateRequestTest" file="/app/tests/Unit/Http/Requests/Client/UpdateRequestTest.php" tests="3" assertions="8" errors="0" failures="0" skipped="0" time="0.114305">
        <testcase name="test_request_instance" file="/app/vendor/gammamatrix/playground-test/src/Unit/Http/Requests/RequestCase.php" line="41" class="Tests\Unit\Playground\Crm\Api\Http\Requests\Client\UpdateRequestTest" classname="Tests.Unit.Playground.Crm.Api.Http.Requests.Client.UpdateRequestTest" assertions="1" time="0.052582"/>
        <testcase name="test_UpdateRequest_rules_with_optional_revisions_disabled" file="/app/tests/Unit/Http/Requests/Client/UpdateRequestTest.php" line="19" class="Tests\Unit\Playground\Crm\Api\Http\Requests\Client\UpdateRequestTest" classname="Tests.Unit.Playground.Crm.Api.Http.Requests.Client.UpdateRequestTest" assertions="3" time="0.030709"/>
        <testcase name="test_UpdateRequest_rules_with_optional_revisions_enabled" file="/app/tests/Unit/Http/Requests/Client/UpdateRequestTest.php" line="29" class="Tests\Unit\Playground\Crm\Api\Http\Requests\Client\UpdateRequestTest" classname="Tests.Unit.Playground.Crm.Api.Http.Requests.Client.UpdateRequestTest" assertions="4" time="0.031014"/>
      </testsuite>
      <testsuite name="Tests\Unit\Playground\Crm\Api\Http\Requests\Contact\CreateRequestTest" file="/app/tests/Unit/Http/Requests/Contact/CreateRequestTest.php" tests="1" assertions="1" errors="0" failures="0" skipped="0" time="0.046647">
        <testcase name="test_request_instance" file="/app/vendor/gammamatrix/playground-test/src/Unit/Http/Requests/RequestCase.php" line="41" class="Tests\Unit\Playground\Crm\Api\Http\Requests\Contact\CreateRequestTest" classname="Tests.Unit.Playground.Crm.Api.Http.Requests.Contact.CreateRequestTest" assertions="1" time="0.046647"/>
      </testsuite>
      <testsuite name="Tests\Unit\Playground\Crm\Api\Http\Requests\Contact\DestroyRequestTest" file="/app/tests/Unit/Http/Requests/Contact/DestroyRequestTest.php" tests="1" assertions="1" errors="0" failures="0" skipped="0" time="0.033524">
        <testcase name="test_request_instance" file="/app/vendor/gammamatrix/playground-test/src/Unit/Http/Requests/RequestCase.php" line="41" class="Tests\Unit\Playground\Crm\Api\Http\Requests\Contact\DestroyRequestTest" classname="Tests.Unit.Playground.Crm.Api.Http.Requests.Contact.DestroyRequestTest" assertions="1" time="0.033524"/>
      </testsuite>
      <testsuite name="Tests\Unit\Playground\Crm\Api\Http\Requests\Contact\EditRequestTest" file="/app/tests/Unit/Http/Requests/Contact/EditRequestTest.php" tests="1" assertions="1" errors="0" failures="0" skipped="0" time="0.049074">
        <testcase name="test_request_instance" file="/app/vendor/gammamatrix/playground-test/src/Unit/Http/Requests/RequestCase.php" line="41" class="Tests\Unit\Playground\Crm\Api\Http\Requests\Contact\EditRequestTest" classname="Tests.Unit.Playground.Crm.Api.Http.Requests.Contact.EditRequestTest" assertions="1" time="0.049074"/>
      </testsuite>
      <testsuite name="Tests\Unit\Playground\Crm\Api\Http\Requests\Contact\IndexRequestTest" file="/app/tests/Unit/Http/Requests/Contact/IndexRequestTest.php" tests="1" assertions="1" errors="0" failures="0" skipped="0" time="0.092216">
        <testcase name="test_request_instance" file="/app/vendor/gammamatrix/playground-test/src/Unit/Http/Requests/RequestCase.php" line="41" class="Tests\Unit\Playground\Crm\Api\Http\Requests\Contact\IndexRequestTest" classname="Tests.Unit.Playground.Crm.Api.Http.Requests.Contact.IndexRequestTest" assertions="1" time="0.092216"/>
      </testsuite>
      <testsuite name="Tests\Unit\Playground\Crm\Api\Http\Requests\Contact\LockRequestTest" file="/app/tests/Unit/Http/Requests/Contact/LockRequestTest.php" tests="1" assertions="1" errors="0" failures="0" skipped="0" time="0.032256">
        <testcase name="test_request_instance" file="/app/vendor/gammamatrix/playground-test/src/Unit/Http/Requests/RequestCase.php" line="41" class="Tests\Unit\Playground\Crm\Api\Http\Requests\Contact\LockRequestTest" classname="Tests.Unit.Playground.Crm.Api.Http.Requests.Contact.LockRequestTest" assertions="1" time="0.032256"/>
      </testsuite>
      <testsuite name="Tests\Unit\Playground\Crm\Api\Http\Requests\Contact\RestoreRequestTest" file="/app/tests/Unit/Http/Requests/Contact/RestoreRequestTest.php" tests="1" assertions="1" errors="0" failures="0" skipped="0" time="0.034910">
        <testcase name="test_request_instance" file="/app/vendor/gammamatrix/playground-test/src/Unit/Http/Requests/RequestCase.php" line="41" class="Tests\Unit\Playground\Crm\Api\Http\Requests\Contact\RestoreRequestTest" classname="Tests.Unit.Playground.Crm.Api.Http.Requests.Contact.RestoreRequestTest" assertions="1" time="0.034910"/>
      </testsuite>
      <testsuite name="Tests\Unit\Playground\Crm\Api\Http\Requests\Contact\ShowRequestTest" file="/app/tests/Unit/Http/Requests/Contact/ShowRequestTest.php" tests="1" assertions="1" errors="0" failures="0" skipped="0" time="0.031806">
        <testcase name="test_request_instance" file="/app/vendor/gammamatrix/playground-test/src/Unit/Http/Requests/RequestCase.php" line="41" class="Tests\Unit\Playground\Crm\Api\Http\Requests\Contact\ShowRequestTest" classname="Tests.Unit.Playground.Crm.Api.Http.Requests.Contact.ShowRequestTest" assertions="1" time="0.031806"/>
      </testsuite>
      <testsuite name="Tests\Unit\Playground\Crm\Api\Http\Requests\Contact\StoreRequestTest" file="/app/tests/Unit/Http/Requests/Contact/StoreRequestTest.php" tests="3" assertions="8" errors="0" failures="0" skipped="0" time="0.113096">
        <testcase name="test_request_instance" file="/app/vendor/gammamatrix/playground-test/src/Unit/Http/Requests/RequestCase.php" line="41" class="Tests\Unit\Playground\Crm\Api\Http\Requests\Contact\StoreRequestTest" classname="Tests.Unit.Playground.Crm.Api.Http.Requests.Contact.StoreRequestTest" assertions="1" time="0.051051"/>
        <testcase name="test_StoreRequest_rules_with_optional_revisions_disabled" file="/app/tests/Unit/Http/Requests/Contact/StoreRequestTest.php" line="19" class="Tests\Unit\Playground\Crm\Api\Http\Requests\Contact\StoreRequestTest" classname="Tests.Unit.Playground.Crm.Api.Http.Requests.Contact.StoreRequestTest" assertions="3" time="0.030962"/>
        <testcase name="test_StoreRequest_rules_with_optional_revisions_enabled" file="/app/tests/Unit/Http/Requests/Contact/StoreRequestTest.php" line="29" class="Tests\Unit\Playground\Crm\Api\Http\Requests\Contact\StoreRequestTest" classname="Tests.Unit.Playground.Crm.Api.Http.Requests.Contact.StoreRequestTest" assertions="4" time="0.031082"/>
      </testsuite>
      <testsuite name="Tests\Unit\Playground\Crm\Api\Http\Requests\Contact\UnlockRequestTest" file="/app/tests/Unit/Http/Requests/Contact/UnlockRequestTest.php" tests="1" assertions="1" errors="0" failures="0" skipped="0" time="0.032068">
        <testcase name="test_request_instance" file="/app/vendor/gammamatrix/playground-test/src/Unit/Http/Requests/RequestCase.php" line="41" class="Tests\Unit\Playground\Crm\Api\Http\Requests\Contact\UnlockRequestTest" classname="Tests.Unit.Playground.Crm.Api.Http.Requests.Contact.UnlockRequestTest" assertions="1" time="0.032068"/>
      </testsuite>
      <testsuite name="Tests\Unit\Playground\Crm\Api\Http\Requests\Contact\UpdateRequestTest" file="/app/tests/Unit/Http/Requests/Contact/UpdateRequestTest.php" tests="3" assertions="8" errors="0" failures="0" skipped="0" time="0.116742">
        <testcase name="test_request_instance" file="/app/vendor/gammamatrix/playground-test/src/Unit/Http/Requests/RequestCase.php" line="41" class="Tests\Unit\Playground\Crm\Api\Http\Requests\Contact\UpdateRequestTest" classname="Tests.Unit.Playground.Crm.Api.Http.Requests.Contact.UpdateRequestTest" assertions="1" time="0.053381"/>
        <testcase name="test_UpdateRequest_rules_with_optional_revisions_disabled" file="/app/tests/Unit/Http/Requests/Contact/UpdateRequestTest.php" line="19" class="Tests\Unit\Playground\Crm\Api\Http\Requests\Contact\UpdateRequestTest" classname="Tests.Unit.Playground.Crm.Api.Http.Requests.Contact.UpdateRequestTest" assertions="3" time="0.032438"/>
        <testcase name="test_UpdateRequest_rules_with_optional_revisions_enabled" file="/app/tests/Unit/Http/Requests/Contact/UpdateRequestTest.php" line="29" class="Tests\Unit\Playground\Crm\Api\Http\Requests\Contact\UpdateRequestTest" classname="Tests.Unit.Playground.Crm.Api.Http.Requests.Contact.UpdateRequestTest" assertions="4" time="0.030924"/>
      </testsuite>
      <testsuite name="Tests\Unit\Playground\Crm\Api\Http\Requests\FormRequest\InstanceTest" file="/app/tests/Unit/Http/Requests/FormRequest/InstanceTest.php" tests="5" assertions="6" errors="0" failures="0" skipped="0" time="0.182210">
        <testcase name="test_FormRequest_authorize_without_user" file="/app/tests/Unit/Http/Requests/FormRequest/InstanceTest.php" line="21" class="Tests\Unit\Playground\Crm\Api\Http\Requests\FormRequest\InstanceTest" classname="Tests.Unit.Playground.Crm.Api.Http.Requests.FormRequest.InstanceTest" assertions="1" time="0.029754"/>
        <testcase name="test_RULES_is_empty_by_default" file="/app/tests/Unit/Http/Requests/FormRequest/InstanceTest.php" line="28" class="Tests\Unit\Playground\Crm\Api\Http\Requests\FormRequest\InstanceTest" classname="Tests.Unit.Playground.Crm.Api.Http.Requests.FormRequest.InstanceTest" assertions="2" time="0.032554"/>
        <testcase name="test_userHasAdminPrivileges_without_user" file="/app/tests/Unit/Http/Requests/FormRequest/InstanceTest.php" line="36" class="Tests\Unit\Playground\Crm\Api\Http\Requests\FormRequest\InstanceTest" classname="Tests.Unit.Playground.Crm.Api.Http.Requests.FormRequest.InstanceTest" assertions="1" time="0.030676"/>
        <testcase name="test_userHasAdminPrivileges_with_admin" file="/app/tests/Unit/Http/Requests/FormRequest/InstanceTest.php" line="43" class="Tests\Unit\Playground\Crm\Api\Http\Requests\FormRequest\InstanceTest" classname="Tests.Unit.Playground.Crm.Api.Http.Requests.FormRequest.InstanceTest" assertions="1" time="0.053839"/>
        <testcase name="test_userHasAdminPrivileges_with_default_laravel_user" file="/app/tests/Unit/Http/Requests/FormRequest/InstanceTest.php" line="55" class="Tests\Unit\Playground\Crm\Api\Http\Requests\FormRequest\InstanceTest" classname="Tests.Unit.Playground.Crm.Api.Http.Requests.FormRequest.InstanceTest" assertions="1" time="0.035387"/>
      </testsuite>
      <testsuite name="Tests\Unit\Playground\Crm\Api\Http\Requests\Location\CreateRequestTest" file="/app/tests/Unit/Http/Requests/Location/CreateRequestTest.php" tests="1" assertions="1" errors="0" failures="0" skipped="0" time="0.047994">
        <testcase name="test_request_instance" file="/app/vendor/gammamatrix/playground-test/src/Unit/Http/Requests/RequestCase.php" line="41" class="Tests\Unit\Playground\Crm\Api\Http\Requests\Location\CreateRequestTest" classname="Tests.Unit.Playground.Crm.Api.Http.Requests.Location.CreateRequestTest" assertions="1" time="0.047994"/>
      </testsuite>
      <testsuite name="Tests\Unit\Playground\Crm\Api\Http\Requests\Location\DestroyRequestTest" file="/app/tests/Unit/Http/Requests/Location/DestroyRequestTest.php" tests="1" assertions="1" errors="0" failures="0" skipped="0" time="0.033944">
        <testcase name="test_request_instance" file="/app/vendor/gammamatrix/playground-test/src/Unit/Http/Requests/RequestCase.php" line="41" class="Tests\Unit\Playground\Crm\Api\Http\Requests\Location\DestroyRequestTest" classname="Tests.Unit.Playground.Crm.Api.Http.Requests.Location.DestroyRequestTest" assertions="1" time="0.033944"/>
      </testsuite>
      <testsuite name="Tests\Unit\Playground\Crm\Api\Http\Requests\Location\EditRequestTest" file="/app/tests/Unit/Http/Requests/Location/EditRequestTest.php" tests="1" assertions="1" errors="0" failures="0" skipped="0" time="0.047810">
        <testcase name="test_request_instance" file="/app/vendor/gammamatrix/playground-test/src/Unit/Http/Requests/RequestCase.php" line="41" class="Tests\Unit\Playground\Crm\Api\Http\Requests\Location\EditRequestTest" classname="Tests.Unit.Playground.Crm.Api.Http.Requests.Location.EditRequestTest" assertions="1" time="0.047810"/>
      </testsuite>
      <testsuite name="Tests\Unit\Playground\Crm\Api\Http\Requests\Location\IndexRequestTest" file="/app/tests/Unit/Http/Requests/Location/IndexRequestTest.php" tests="1" assertions="1" errors="0" failures="0" skipped="0" time="0.090991">
        <testcase name="test_request_instance" file="/app/vendor/gammamatrix/playground-test/src/Unit/Http/Requests/RequestCase.php" line="41" class="Tests\Unit\Playground\Crm\Api\Http\Requests\Location\IndexRequestTest" classname="Tests.Unit.Playground.Crm.Api.Http.Requests.Location.IndexRequestTest" assertions="1" time="0.090991"/>
      </testsuite>
      <testsuite name="Tests\Unit\Playground\Crm\Api\Http\Requests\Location\LockRequestTest" file="/app/tests/Unit/Http/Requests/Location/LockRequestTest.php" tests="1" assertions="1" errors="0" failures="0" skipped="0" time="0.032315">
        <testcase name="test_request_instance" file="/app/vendor/gammamatrix/playground-test/src/Unit/Http/Requests/RequestCase.php" line="41" class="Tests\Unit\Playground\Crm\Api\Http\Requests\Location\LockRequestTest" classname="Tests.Unit.Playground.Crm.Api.Http.Requests.Location.LockRequestTest" assertions="1" time="0.032315"/>
      </testsuite>
      <testsuite name="Tests\Unit\Playground\Crm\Api\Http\Requests\Location\RestoreRequestTest" file="/app/tests/Unit/Http/Requests/Location/RestoreRequestTest.php" tests="1" assertions="1" errors="0" failures="0" skipped="0" time="0.032610">
        <testcase name="test_request_instance" file="/app/vendor/gammamatrix/playground-test/src/Unit/Http/Requests/RequestCase.php" line="41" class="Tests\Unit\Playground\Crm\Api\Http\Requests\Location\RestoreRequestTest" classname="Tests.Unit.Playground.Crm.Api.Http.Requests.Location.RestoreRequestTest" assertions="1" time="0.032610"/>
      </testsuite>
      <testsuite name="Tests\Unit\Playground\Crm\Api\Http\Requests\Location\ShowRequestTest" file="/app/tests/Unit/Http/Requests/Location/ShowRequestTest.php" tests="1" assertions="1" errors="0" failures="0" skipped="0" time="0.031791">
        <testcase name="test_request_instance" file="/app/vendor/gammamatrix/playground-test/src/Unit/Http/Requests/RequestCase.php" line="41" class="Tests\Unit\Playground\Crm\Api\Http\Requests\Location\ShowRequestTest" classname="Tests.Unit.Playground.Crm.Api.Http.Requests.Location.ShowRequestTest" assertions="1" time="0.031791"/>
      </testsuite>
      <testsuite name="Tests\Unit\Playground\Crm\Api\Http\Requests\Location\StoreRequestTest" file="/app/tests/Unit/Http/Requests/Location/StoreRequestTest.php" tests="3" assertions="8" errors="0" failures="0" skipped="0" time="0.116416">
        <testcase name="test_request_instance" file="/app/vendor/gammamatrix/playground-test/src/Unit/Http/Requests/RequestCase.php" line="41" class="Tests\Unit\Playground\Crm\Api\Http\Requests\Location\StoreRequestTest" classname="Tests.Unit.Playground.Crm.Api.Http.Requests.Location.StoreRequestTest" assertions="1" time="0.054928"/>
        <testcase name="test_StoreRequest_rules_with_optional_revisions_disabled" file="/app/tests/Unit/Http/Requests/Location/StoreRequestTest.php" line="19" class="Tests\Unit\Playground\Crm\Api\Http\Requests\Location\StoreRequestTest" classname="Tests.Unit.Playground.Crm.Api.Http.Requests.Location.StoreRequestTest" assertions="3" time="0.030655"/>
        <testcase name="test_StoreRequest_rules_with_optional_revisions_enabled" file="/app/tests/Unit/Http/Requests/Location/StoreRequestTest.php" line="29" class="Tests\Unit\Playground\Crm\Api\Http\Requests\Location\StoreRequestTest" classname="Tests.Unit.Playground.Crm.Api.Http.Requests.Location.StoreRequestTest" assertions="4" time="0.030833"/>
      </testsuite>
      <testsuite name="Tests\Unit\Playground\Crm\Api\Http\Requests\Location\UnlockRequestTest" file="/app/tests/Unit/Http/Requests/Location/UnlockRequestTest.php" tests="1" assertions="1" errors="0" failures="0" skipped="0" time="0.032126">
        <testcase name="test_request_instance" file="/app/vendor/gammamatrix/playground-test/src/Unit/Http/Requests/RequestCase.php" line="41" class="Tests\Unit\Playground\Crm\Api\Http\Requests\Location\UnlockRequestTest" classname="Tests.Unit.Playground.Crm.Api.Http.Requests.Location.UnlockRequestTest" assertions="1" time="0.032126"/>
      </testsuite>
      <testsuite name="Tests\Unit\Playground\Crm\Api\Http\Requests\Location\UpdateRequestTest" file="/app/tests/Unit/Http/Requests/Location/UpdateRequestTest.php" tests="3" assertions="8" errors="0" failures="0" skipped="0" time="0.112703">
        <testcase name="test_request_instance" file="/app/vendor/gammamatrix/playground-test/src/Unit/Http/Requests/RequestCase.php" line="41" class="Tests\Unit\Playground\Crm\Api\Http\Requests\Location\UpdateRequestTest" classname="Tests.Unit.Playground.Crm.Api.Http.Requests.Location.UpdateRequestTest" assertions="1" time="0.050134"/>
        <testcase name="test_UpdateRequest_rules_with_optional_revisions_disabled" file="/app/tests/Unit/Http/Requests/Location/UpdateRequestTest.php" line="19" class="Tests\Unit\Playground\Crm\Api\Http\Requests\Location\UpdateRequestTest" classname="Tests.Unit.Playground.Crm.Api.Http.Requests.Location.UpdateRequestTest" assertions="3" time="0.031415"/>
        <testcase name="test_UpdateRequest_rules_with_optional_revisions_enabled" file="/app/tests/Unit/Http/Requests/Location/UpdateRequestTest.php" line="29" class="Tests\Unit\Playground\Crm\Api\Http\Requests\Location\UpdateRequestTest" classname="Tests.Unit.Playground.Crm.Api.Http.Requests.Location.UpdateRequestTest" assertions="4" time="0.031154"/>
      </testsuite>
      <testsuite name="Tests\Unit\Playground\Crm\Api\Http\Requests\Organization\CreateRequestTest" file="/app/tests/Unit/Http/Requests/Organization/CreateRequestTest.php" tests="1" assertions="1" errors="0" failures="0" skipped="0" time="0.047920">
        <testcase name="test_request_instance" file="/app/vendor/gammamatrix/playground-test/src/Unit/Http/Requests/RequestCase.php" line="41" class="Tests\Unit\Playground\Crm\Api\Http\Requests\Organization\CreateRequestTest" classname="Tests.Unit.Playground.Crm.Api.Http.Requests.Organization.CreateRequestTest" assertions="1" time="0.047920"/>
      </testsuite>
      <testsuite name="Tests\Unit\Playground\Crm\Api\Http\Requests\Organization\DestroyRequestTest" file="/app/tests/Unit/Http/Requests/Organization/DestroyRequestTest.php" tests="1" assertions="1" errors="0" failures="0" skipped="0" time="0.033487">
        <testcase name="test_request_instance" file="/app/vendor/gammamatrix/playground-test/src/Unit/Http/Requests/RequestCase.php" line="41" class="Tests\Unit\Playground\Crm\Api\Http\Requests\Organization\DestroyRequestTest" classname="Tests.Unit.Playground.Crm.Api.Http.Requests.Organization.DestroyRequestTest" assertions="1" time="0.033487"/>
      </testsuite>
      <testsuite name="Tests\Unit\Playground\Crm\Api\Http\Requests\Organization\EditRequestTest" file="/app/tests/Unit/Http/Requests/Organization/EditRequestTest.php" tests="1" assertions="1" errors="0" failures="0" skipped="0" time="0.049906">
        <testcase name="test_request_instance" file="/app/vendor/gammamatrix/playground-test/src/Unit/Http/Requests/RequestCase.php" line="41" class="Tests\Unit\Playground\Crm\Api\Http\Requests\Organization\EditRequestTest" classname="Tests.Unit.Playground.Crm.Api.Http.Requests.Organization.EditRequestTest" assertions="1" time="0.049906"/>
      </testsuite>
      <testsuite name="Tests\Unit\Playground\Crm\Api\Http\Requests\Organization\IndexRequestTest" file="/app/tests/Unit/Http/Requests/Organization/IndexRequestTest.php" tests="1" assertions="1" errors="0" failures="0" skipped="0" time="0.091213">
        <testcase name="test_request_instance" file="/app/vendor/gammamatrix/playground-test/src/Unit/Http/Requests/RequestCase.php" line="41" class="Tests\Unit\Playground\Crm\Api\Http\Requests\Organization\IndexRequestTest" classname="Tests.Unit.Playground.Crm.Api.Http.Requests.Organization.IndexRequestTest" assertions="1" time="0.091213"/>
      </testsuite>
      <testsuite name="Tests\Unit\Playground\Crm\Api\Http\Requests\Organization\LockRequestTest" file="/app/tests/Unit/Http/Requests/Organization/LockRequestTest.php" tests="1" assertions="1" errors="0" failures="0" skipped="0" time="0.032557">
        <testcase name="test_request_instance" file="/app/vendor/gammamatrix/playground-test/src/Unit/Http/Requests/RequestCase.php" line="41" class="Tests\Unit\Playground\Crm\Api\Http\Requests\Organization\LockRequestTest" classname="Tests.Unit.Playground.Crm.Api.Http.Requests.Organization.LockRequestTest" assertions="1" time="0.032557"/>
      </testsuite>
      <testsuite name="Tests\Unit\Playground\Crm\Api\Http\Requests\Organization\RestoreRequestTest" file="/app/tests/Unit/Http/Requests/Organization/RestoreRequestTest.php" tests="1" assertions="1" errors="0" failures="0" skipped="0" time="0.032433">
        <testcase name="test_request_instance" file="/app/vendor/gammamatrix/playground-test/src/Unit/Http/Requests/RequestCase.php" line="41" class="Tests\Unit\Playground\Crm\Api\Http\Requests\Organization\RestoreRequestTest" classname="Tests.Unit.Playground.Crm.Api.Http.Requests.Organization.RestoreRequestTest" assertions="1" time="0.032433"/>
      </testsuite>
      <testsuite name="Tests\Unit\Playground\Crm\Api\Http\Requests\Organization\ShowRequestTest" file="/app/tests/Unit/Http/Requests/Organization/ShowRequestTest.php" tests="1" assertions="1" errors="0" failures="0" skipped="0" time="0.033290">
        <testcase name="test_request_instance" file="/app/vendor/gammamatrix/playground-test/src/Unit/Http/Requests/RequestCase.php" line="41" class="Tests\Unit\Playground\Crm\Api\Http\Requests\Organization\ShowRequestTest" classname="Tests.Unit.Playground.Crm.Api.Http.Requests.Organization.ShowRequestTest" assertions="1" time="0.033290"/>
      </testsuite>
      <testsuite name="Tests\Unit\Playground\Crm\Api\Http\Requests\Organization\StoreRequestTest" file="/app/tests/Unit/Http/Requests/Organization/StoreRequestTest.php" tests="3" assertions="8" errors="0" failures="0" skipped="0" time="0.114929">
        <testcase name="test_request_instance" file="/app/vendor/gammamatrix/playground-test/src/Unit/Http/Requests/RequestCase.php" line="41" class="Tests\Unit\Playground\Crm\Api\Http\Requests\Organization\StoreRequestTest" classname="Tests.Unit.Playground.Crm.Api.Http.Requests.Organization.StoreRequestTest" assertions="1" time="0.050837"/>
        <testcase name="test_StoreRequest_rules_with_optional_revisions_disabled" file="/app/tests/Unit/Http/Requests/Organization/StoreRequestTest.php" line="19" class="Tests\Unit\Playground\Crm\Api\Http\Requests\Organization\StoreRequestTest" classname="Tests.Unit.Playground.Crm.Api.Http.Requests.Organization.StoreRequestTest" assertions="3" time="0.031204"/>
        <testcase name="test_StoreRequest_rules_with_optional_revisions_enabled" file="/app/tests/Unit/Http/Requests/Organization/StoreRequestTest.php" line="29" class="Tests\Unit\Playground\Crm\Api\Http\Requests\Organization\StoreRequestTest" classname="Tests.Unit.Playground.Crm.Api.Http.Requests.Organization.StoreRequestTest" assertions="4" time="0.032887"/>
      </testsuite>
      <testsuite name="Tests\Unit\Playground\Crm\Api\Http\Requests\Organization\UnlockRequestTest" file="/app/tests/Unit/Http/Requests/Organization/UnlockRequestTest.php" tests="1" assertions="1" errors="0" failures="0" skipped="0" time="0.032142">
        <testcase name="test_request_instance" file="/app/vendor/gammamatrix/playground-test/src/Unit/Http/Requests/RequestCase.php" line="41" class="Tests\Unit\Playground\Crm\Api\Http\Requests\Organization\UnlockRequestTest" classname="Tests.Unit.Playground.Crm.Api.Http.Requests.Organization.UnlockRequestTest" assertions="1" time="0.032142"/>
      </testsuite>
      <testsuite name="Tests\Unit\Playground\Crm\Api\Http\Requests\Organization\UpdateRequestTest" file="/app/tests/Unit/Http/Requests/Organization/UpdateRequestTest.php" tests="3" assertions="8" errors="0" failures="0" skipped="0" time="0.114198">
        <testcase name="test_request_instance" file="/app/vendor/gammamatrix/playground-test/src/Unit/Http/Requests/RequestCase.php" line="41" class="Tests\Unit\Playground\Crm\Api\Http\Requests\Organization\UpdateRequestTest" classname="Tests.Unit.Playground.Crm.Api.Http.Requests.Organization.UpdateRequestTest" assertions="1" time="0.052291"/>
        <testcase name="test_UpdateRequest_rules_with_optional_revisions_disabled" file="/app/tests/Unit/Http/Requests/Organization/UpdateRequestTest.php" line="19" class="Tests\Unit\Playground\Crm\Api\Http\Requests\Organization\UpdateRequestTest" classname="Tests.Unit.Playground.Crm.Api.Http.Requests.Organization.UpdateRequestTest" assertions="3" time="0.030814"/>
        <testcase name="test_UpdateRequest_rules_with_optional_revisions_enabled" file="/app/tests/Unit/Http/Requests/Organization/UpdateRequestTest.php" line="29" class="Tests\Unit\Playground\Crm\Api\Http\Requests\Organization\UpdateRequestTest" classname="Tests.Unit.Playground.Crm.Api.Http.Requests.Organization.UpdateRequestTest" assertions="4" time="0.031092"/>
      </testsuite>
      <testsuite name="Tests\Unit\Playground\Crm\Api\Http\Requests\People\CreateRequestTest" file="/app/tests/Unit/Http/Requests/People/CreateRequestTest.php" tests="1" assertions="1" errors="0" failures="0" skipped="0" time="0.047649">
        <testcase name="test_request_instance" file="/app/vendor/gammamatrix/playground-test/src/Unit/Http/Requests/RequestCase.php" line="41" class="Tests\Unit\Playground\Crm\Api\Http\Requests\People\CreateRequestTest" classname="Tests.Unit.Playground.Crm.Api.Http.Requests.People.CreateRequestTest" assertions="1" time="0.047649"/>
      </testsuite>
      <testsuite name="Tests\Unit\Playground\Crm\Api\Http\Requests\People\DestroyRequestTest" file="/app/tests/Unit/Http/Requests/People/DestroyRequestTest.php" tests="1" assertions="1" errors="0" failures="0" skipped="0" time="0.033641">
        <testcase name="test_request_instance" file="/app/vendor/gammamatrix/playground-test/src/Unit/Http/Requests/RequestCase.php" line="41" class="Tests\Unit\Playground\Crm\Api\Http\Requests\People\DestroyRequestTest" classname="Tests.Unit.Playground.Crm.Api.Http.Requests.People.DestroyRequestTest" assertions="1" time="0.033641"/>
      </testsuite>
      <testsuite name="Tests\Unit\Playground\Crm\Api\Http\Requests\People\EditRequestTest" file="/app/tests/Unit/Http/Requests/People/EditRequestTest.php" tests="1" assertions="1" errors="0" failures="0" skipped="0" time="0.048587">
        <testcase name="test_request_instance" file="/app/vendor/gammamatrix/playground-test/src/Unit/Http/Requests/RequestCase.php" line="41" class="Tests\Unit\Playground\Crm\Api\Http\Requests\People\EditRequestTest" classname="Tests.Unit.Playground.Crm.Api.Http.Requests.People.EditRequestTest" assertions="1" time="0.048587"/>
      </testsuite>
      <testsuite name="Tests\Unit\Playground\Crm\Api\Http\Requests\People\IndexRequestTest" file="/app/tests/Unit/Http/Requests/People/IndexRequestTest.php" tests="1" assertions="1" errors="0" failures="0" skipped="0" time="0.090425">
        <testcase name="test_request_instance" file="/app/vendor/gammamatrix/playground-test/src/Unit/Http/Requests/RequestCase.php" line="41" class="Tests\Unit\Playground\Crm\Api\Http\Requests\People\IndexRequestTest" classname="Tests.Unit.Playground.Crm.Api.Http.Requests.People.IndexRequestTest" assertions="1" time="0.090425"/>
      </testsuite>
      <testsuite name="Tests\Unit\Playground\Crm\Api\Http\Requests\People\LockRequestTest" file="/app/tests/Unit/Http/Requests/People/LockRequestTest.php" tests="1" assertions="1" errors="0" failures="0" skipped="0" time="0.033880">
        <testcase name="test_request_instance" file="/app/vendor/gammamatrix/playground-test/src/Unit/Http/Requests/RequestCase.php" line="41" class="Tests\Unit\Playground\Crm\Api\Http\Requests\People\LockRequestTest" classname="Tests.Unit.Playground.Crm.Api.Http.Requests.People.LockRequestTest" assertions="1" time="0.033880"/>
      </testsuite>
      <testsuite name="Tests\Unit\Playground\Crm\Api\Http\Requests\People\RestoreRequestTest" file="/app/tests/Unit/Http/Requests/People/RestoreRequestTest.php" tests="1" assertions="1" errors="0" failures="0" skipped="0" time="0.034534">
        <testcase name="test_request_instance" file="/app/vendor/gammamatrix/playground-test/src/Unit/Http/Requests/RequestCase.php" line="41" class="Tests\Unit\Playground\Crm\Api\Http\Requests\People\RestoreRequestTest" classname="Tests.Unit.Playground.Crm.Api.Http.Requests.People.RestoreRequestTest" assertions="1" time="0.034534"/>
      </testsuite>
      <testsuite name="Tests\Unit\Playground\Crm\Api\Http\Requests\People\ShowRequestTest" file="/app/tests/Unit/Http/Requests/People/ShowRequestTest.php" tests="1" assertions="1" errors="0" failures="0" skipped="0" time="0.033505">
        <testcase name="test_request_instance" file="/app/vendor/gammamatrix/playground-test/src/Unit/Http/Requests/RequestCase.php" line="41" class="Tests\Unit\Playground\Crm\Api\Http\Requests\People\ShowRequestTest" classname="Tests.Unit.Playground.Crm.Api.Http.Requests.People.ShowRequestTest" assertions="1" time="0.033505"/>
      </testsuite>
      <testsuite name="Tests\Unit\Playground\Crm\Api\Http\Requests\People\StoreRequestTest" file="/app/tests/Unit/Http/Requests/People/StoreRequestTest.php" tests="3" assertions="8" errors="0" failures="0" skipped="0" time="0.116350">
        <testcase name="test_request_instance" file="/app/vendor/gammamatrix/playground-test/src/Unit/Http/Requests/RequestCase.php" line="41" class="Tests\Unit\Playground\Crm\Api\Http\Requests\People\StoreRequestTest" classname="Tests.Unit.Playground.Crm.Api.Http.Requests.People.StoreRequestTest" assertions="1" time="0.054424"/>
        <testcase name="test_StoreRequest_rules_with_optional_revisions_disabled" file="/app/tests/Unit/Http/Requests/People/StoreRequestTest.php" line="19" class="Tests\Unit\Playground\Crm\Api\Http\Requests\People\StoreRequestTest" classname="Tests.Unit.Playground.Crm.Api.Http.Requests.People.StoreRequestTest" assertions="3" time="0.030764"/>
        <testcase name="test_StoreRequest_rules_with_optional_revisions_enabled" file="/app/tests/Unit/Http/Requests/People/StoreRequestTest.php" line="29" class="Tests\Unit\Playground\Crm\Api\Http\Requests\People\StoreRequestTest" classname="Tests.Unit.Playground.Crm.Api.Http.Requests.People.StoreRequestTest" assertions="4" time="0.031162"/>
      </testsuite>
      <testsuite name="Tests\Unit\Playground\Crm\Api\Http\Requests\People\UnlockRequestTest" file="/app/tests/Unit/Http/Requests/People/UnlockRequestTest.php" tests="1" assertions="1" errors="0" failures="0" skipped="0" time="0.032103">
        <testcase name="test_request_instance" file="/app/vendor/gammamatrix/playground-test/src/Unit/Http/Requests/RequestCase.php" line="41" class="Tests\Unit\Playground\Crm\Api\Http\Requests\People\UnlockRequestTest" classname="Tests.Unit.Playground.Crm.Api.Http.Requests.People.UnlockRequestTest" assertions="1" time="0.032103"/>
      </testsuite>
      <testsuite name="Tests\Unit\Playground\Crm\Api\Http\Requests\People\UpdateRequestTest" file="/app/tests/Unit/Http/Requests/People/UpdateRequestTest.php" tests="3" assertions="8" errors="0" failures="0" skipped="0" time="0.113282">
        <testcase name="test_request_instance" file="/app/vendor/gammamatrix/playground-test/src/Unit/Http/Requests/RequestCase.php" line="41" class="Tests\Unit\Playground\Crm\Api\Http\Requests\People\UpdateRequestTest" classname="Tests.Unit.Playground.Crm.Api.Http.Requests.People.UpdateRequestTest" assertions="1" time="0.050785"/>
        <testcase name="test_UpdateRequest_rules_with_optional_revisions_disabled" file="/app/tests/Unit/Http/Requests/People/UpdateRequestTest.php" line="19" class="Tests\Unit\Playground\Crm\Api\Http\Requests\People\UpdateRequestTest" classname="Tests.Unit.Playground.Crm.Api.Http.Requests.People.UpdateRequestTest" assertions="3" time="0.031663"/>
        <testcase name="test_UpdateRequest_rules_with_optional_revisions_enabled" file="/app/tests/Unit/Http/Requests/People/UpdateRequestTest.php" line="29" class="Tests\Unit\Playground\Crm\Api\Http\Requests\People\UpdateRequestTest" classname="Tests.Unit.Playground.Crm.Api.Http.Requests.People.UpdateRequestTest" assertions="4" time="0.030833"/>
      </testsuite>
      <testsuite name="Tests\Unit\Playground\Crm\Api\Policies\ClientPolicy\PolicyTest" file="/app/tests/Unit/Policies/ClientPolicy/PolicyTest.php" tests="1" assertions="1" errors="0" failures="0" skipped="0" time="0.030463">
        <testcase name="test_policy_instance" file="/app/tests/Unit/Policies/ClientPolicy/PolicyTest.php" line="19" class="Tests\Unit\Playground\Crm\Api\Policies\ClientPolicy\PolicyTest" classname="Tests.Unit.Playground.Crm.Api.Policies.ClientPolicy.PolicyTest" assertions="1" time="0.030463"/>
      </testsuite>
      <testsuite name="Tests\Unit\Playground\Crm\Api\Policies\ContactPolicy\PolicyTest" file="/app/tests/Unit/Policies/ContactPolicy/PolicyTest.php" tests="1" assertions="1" errors="0" failures="0" skipped="0" time="0.030134">
        <testcase name="test_policy_instance" file="/app/tests/Unit/Policies/ContactPolicy/PolicyTest.php" line="19" class="Tests\Unit\Playground\Crm\Api\Policies\ContactPolicy\PolicyTest" classname="Tests.Unit.Playground.Crm.Api.Policies.ContactPolicy.PolicyTest" assertions="1" time="0.030134"/>
      </testsuite>
      <testsuite name="Tests\Unit\Playground\Crm\Api\Policies\LocationPolicy\PolicyTest" file="/app/tests/Unit/Policies/LocationPolicy/PolicyTest.php" tests="1" assertions="1" errors="0" failures="0" skipped="0" time="0.030491">
        <testcase name="test_policy_instance" file="/app/tests/Unit/Policies/LocationPolicy/PolicyTest.php" line="19" class="Tests\Unit\Playground\Crm\Api\Policies\LocationPolicy\PolicyTest" classname="Tests.Unit.Playground.Crm.Api.Policies.LocationPolicy.PolicyTest" assertions="1" time="0.030491"/>
      </testsuite>
      <testsuite name="Tests\Unit\Playground\Crm\Api\Policies\OrganizationPolicy\PolicyTest" file="/app/tests/Unit/Policies/OrganizationPolicy/PolicyTest.php" tests="1" assertions="1" errors="0" failures="0" skipped="0" time="0.031253">
        <testcase name="test_policy_instance" file="/app/tests/Unit/Policies/OrganizationPolicy/PolicyTest.php" line="19" class="Tests\Unit\Playground\Crm\Api\Policies\OrganizationPolicy\PolicyTest" classname="Tests.Unit.Playground.Crm.Api.Policies.OrganizationPolicy.PolicyTest" assertions="1" time="0.031253"/>
      </testsuite>
      <testsuite name="Tests\Unit\Playground\Crm\Api\Policies\PeoplePolicy\PolicyTest" file="/app/tests/Unit/Policies/PeoplePolicy/PolicyTest.php" tests="1" assertions="1" errors="0" failures="0" skipped="0" time="0.030670">
        <testcase name="test_policy_instance" file="/app/tests/Unit/Policies/PeoplePolicy/PolicyTest.php" line="19" class="Tests\Unit\Playground\Crm\Api\Policies\PeoplePolicy\PolicyTest" classname="Tests.Unit.Playground.Crm.Api.Policies.PeoplePolicy.PolicyTest" assertions="1" time="0.030670"/>
      </testsuite>
      <testsuite name="Tests\Unit\Playground\Crm\Api\ServiceProvider\InstanceTest" file="/app/tests/Unit/ServiceProvider/InstanceTest.php" tests="4" assertions="8" errors="0" failures="0" skipped="0" time="0.157673">
        <testcase name="test_version_matches" file="/app/tests/Unit/ServiceProvider/InstanceTest.php" line="20" class="Tests\Unit\Playground\Crm\Api\ServiceProvider\InstanceTest" classname="Tests.Unit.Playground.Crm.Api.ServiceProvider.InstanceTest" assertions="3" time="0.030234"/>
        <testcase name="test_setPolicies_with_empty_array" file="/app/tests/Unit/ServiceProvider/InstanceTest.php" line="29" class="Tests\Unit\Playground\Crm\Api\ServiceProvider\InstanceTest" classname="Tests.Unit.Playground.Crm.Api.ServiceProvider.InstanceTest" assertions="1" time="0.030481"/>
        <testcase name="test_setPolicies_with_invalid_model" file="/app/tests/Unit/ServiceProvider/InstanceTest.php" line="43" class="Tests\Unit\Playground\Crm\Api\ServiceProvider\InstanceTest" classname="Tests.Unit.Playground.Crm.Api.ServiceProvider.InstanceTest" assertions="2" time="0.034200"/>
        <testcase name="test_setPolicies_with_invalid_policy" file="/app/tests/Unit/ServiceProvider/InstanceTest.php" line="72" class="Tests\Unit\Playground\Crm\Api\ServiceProvider\InstanceTest" classname="Tests.Unit.Playground.Crm.Api.ServiceProvider.InstanceTest" assertions="2" time="0.062757"/>
      </testsuite>
    </testsuite>
    <testsuite name="Feature" tests="177" assertions="4748" errors="0" failures="0" skipped="0" time="36.348130">
      <testsuite name="Tests\Feature\Playground\Crm\Api\Console\Commands\About\CommandTest" file="/app/tests/Feature/Console/Commands/About/CommandTest.php" tests="1" assertions="2" errors="0" failures="0" skipped="0" time="0.379243">
        <testcase name="test_command_about_displays_package_information_and_succeed" file="/app/tests/Feature/Console/Commands/About/CommandTest.php" line="20" class="Tests\Feature\Playground\Crm\Api\Console\Commands\About\CommandTest" classname="Tests.Feature.Playground.Crm.Api.Console.Commands.About.CommandTest" assertions="2" time="0.379243"/>
      </testsuite>
      <testsuite name="Tests\Feature\Playground\Crm\Api\Http\Controllers\Playground\ClientRouteTest" file="/app/tests/Feature/Http/Controllers/Playground/ClientRouteTest.php" tests="35" assertions="949" errors="0" failures="0" skipped="0" time="7.200374">
        <testcase name="test_json_guest_cannot_get_create_info" file="/app/vendor/gammamatrix/playground-test/src/Feature/Http/Controllers/Resource/Playground/CreateJsonTrait.php" line="38" class="Tests\Feature\Playground\Crm\Api\Http\Controllers\Playground\ClientRouteTest" classname="Tests.Feature.Playground.Crm.Api.Http.Controllers.Playground.ClientRouteTest" assertions="1" time="0.226755"/>
        <testcase name="test_json_admin_can_get_create_info" file="/app/vendor/gammamatrix/playground-test/src/Feature/Http/Controllers/Resource/Playground/CreateJsonTrait.php" line="53" class="Tests\Feature\Playground\Crm\Api\Http\Controllers\Playground\ClientRouteTest" classname="Tests.Feature.Playground.Crm.Api.Http.Controllers.Playground.ClientRouteTest" assertions="94" time="0.221053"/>
        <testcase name="test_json_get_create_info_as_admin_with_invalid_parameter_and_fail_validation" file="/app/vendor/gammamatrix/playground-test/src/Feature/Http/Controllers/Resource/Playground/CreateJsonTrait.php" line="73" class="Tests\Feature\Playground\Crm\Api\Http\Controllers\Playground\ClientRouteTest" classname="Tests.Feature.Playground.Crm.Api.Http.Controllers.Playground.ClientRouteTest" assertions="4" time="0.198183"/>
        <testcase name="test_json_guest_cannot_destroy" file="/app/vendor/gammamatrix/playground-test/src/Feature/Http/Controllers/Resource/Playground/DestroyJsonTrait.php" line="31" class="Tests\Feature\Playground\Crm\Api\Http\Controllers\Playground\ClientRouteTest" classname="Tests.Feature.Playground.Crm.Api.Http.Controllers.Playground.ClientRouteTest" assertions="3" time="0.182590"/>
        <testcase name="test_json_destroy_as_admin_and_succeed" file="/app/vendor/gammamatrix/playground-test/src/Feature/Http/Controllers/Resource/Playground/DestroyJsonTrait.php" line="61" class="Tests\Feature\Playground\Crm\Api\Http\Controllers\Playground\ClientRouteTest" classname="Tests.Feature.Playground.Crm.Api.Http.Controllers.Playground.ClientRouteTest" assertions="5" time="0.221151"/>
        <testcase name="test_json_destroy_as_admin_and_succeed_with_force_delete" file="/app/vendor/gammamatrix/playground-test/src/Feature/Http/Controllers/Resource/Playground/DestroyJsonTrait.php" line="100" class="Tests\Feature\Playground\Crm\Api\Http\Controllers\Playground\ClientRouteTest" classname="Tests.Feature.Playground.Crm.Api.Http.Controllers.Playground.ClientRouteTest" assertions="4" time="0.207977"/>
        <testcase name="test_json_destroy_as_admin_and_succeed_with_no_content" file="/app/vendor/gammamatrix/playground-test/src/Feature/Http/Controllers/Resource/Playground/DestroyJsonTrait.php" line="132" class="Tests\Feature\Playground\Crm\Api\Http\Controllers\Playground\ClientRouteTest" classname="Tests.Feature.Playground.Crm.Api.Http.Controllers.Playground.ClientRouteTest" assertions="5" time="0.195927"/>
        <testcase name="test_json_destroy_as_admin_and_succeed_and_ignore_redirect" file="/app/vendor/gammamatrix/playground-test/src/Feature/Http/Controllers/Resource/Playground/DestroyJsonTrait.php" line="167" class="Tests\Feature\Playground\Crm\Api\Http\Controllers\Playground\ClientRouteTest" classname="Tests.Feature.Playground.Crm.Api.Http.Controllers.Playground.ClientRouteTest" assertions="5" time="0.197444"/>
        <testcase name="test_json_destroy_as_user_and_get_denied_and_no_force_delete_allowed" file="/app/vendor/gammamatrix/playground-test/src/Feature/Http/Controllers/Resource/Playground/DestroyJsonTrait.php" line="209" class="Tests\Feature\Playground\Crm\Api\Http\Controllers\Playground\ClientRouteTest" classname="Tests.Feature.Playground.Crm.Api.Http.Controllers.Playground.ClientRouteTest" assertions="3" time="0.193741"/>
        <testcase name="test_json_guest_cannot_get_edit_info" file="/app/vendor/gammamatrix/playground-test/src/Feature/Http/Controllers/Resource/Playground/EditJsonTrait.php" line="38" class="Tests\Feature\Playground\Crm\Api\Http\Controllers\Playground\ClientRouteTest" classname="Tests.Feature.Playground.Crm.Api.Http.Controllers.Playground.ClientRouteTest" assertions="1" time="0.186240"/>
        <testcase name="test_json_admin_can_get_edit_info" file="/app/vendor/gammamatrix/playground-test/src/Feature/Http/Controllers/Resource/Playground/EditJsonTrait.php" line="58" class="Tests\Feature\Playground\Crm\Api\Http\Controllers\Playground\ClientRouteTest" classname="Tests.Feature.Playground.Crm.Api.Http.Controllers.Playground.ClientRouteTest" assertions="4" time="0.219010"/>
        <testcase name="test_json_edit_as_admin_and_fail_validation_with_invalid_parameter" file="/app/vendor/gammamatrix/playground-test/src/Feature/Http/Controllers/Resource/Playground/EditJsonTrait.php" line="87" class="Tests\Feature\Playground\Crm\Api\Http\Controllers\Playground\ClientRouteTest" classname="Tests.Feature.Playground.Crm.Api.Http.Controllers.Playground.ClientRouteTest" assertions="4" time="0.207209"/>
        <testcase name="test_json_guest_cannot_get_index" file="/app/vendor/gammamatrix/playground-test/src/Feature/Http/Controllers/Resource/Playground/IndexJsonTrait.php" line="34" class="Tests\Feature\Playground\Crm\Api\Http\Controllers\Playground\ClientRouteTest" classname="Tests.Feature.Playground.Crm.Api.Http.Controllers.Playground.ClientRouteTest" assertions="1" time="0.184505"/>
        <testcase name="test_json_admin_can_get_index" file="/app/vendor/gammamatrix/playground-test/src/Feature/Http/Controllers/Resource/Playground/IndexJsonTrait.php" line="49" class="Tests\Feature\Playground\Crm\Api\Http\Controllers\Playground\ClientRouteTest" classname="Tests.Feature.Playground.Crm.Api.Http.Controllers.Playground.ClientRouteTest" assertions="101" time="0.212828"/>
        <testcase name="test_json_admin_can_get_index_with_filters" file="/app/vendor/gammamatrix/playground-test/src/Feature/Http/Controllers/Resource/Playground/IndexJsonTrait.php" line="85" class="Tests\Feature\Playground\Crm\Api\Http\Controllers\Playground\ClientRouteTest" classname="Tests.Feature.Playground.Crm.Api.Http.Controllers.Playground.ClientRouteTest" assertions="3" time="0.215242"/>
        <testcase name="test_json_guest_cannot_lock" file="/app/vendor/gammamatrix/playground-test/src/Feature/Http/Controllers/Resource/Playground/LockJsonTrait.php" line="36" class="Tests\Feature\Playground\Crm\Api\Http\Controllers\Playground\ClientRouteTest" classname="Tests.Feature.Playground.Crm.Api.Http.Controllers.Playground.ClientRouteTest" assertions="3" time="0.185970"/>
        <testcase name="test_json_lock_as_admin_and_succeed" file="/app/vendor/gammamatrix/playground-test/src/Feature/Http/Controllers/Resource/Playground/LockJsonTrait.php" line="66" class="Tests\Feature\Playground\Crm\Api\Http\Controllers\Playground\ClientRouteTest" classname="Tests.Feature.Playground.Crm.Api.Http.Controllers.Playground.ClientRouteTest" assertions="3" time="0.205733"/>
        <testcase name="test_json_lock_as_admin_and_succeed_with_no_redirect" file="/app/vendor/gammamatrix/playground-test/src/Feature/Http/Controllers/Resource/Playground/LockJsonTrait.php" line="98" class="Tests\Feature\Playground\Crm\Api\Http\Controllers\Playground\ClientRouteTest" classname="Tests.Feature.Playground.Crm.Api.Http.Controllers.Playground.ClientRouteTest" assertions="96" time="0.206196"/>
        <testcase name="test_json_lock_as_user_and_get_denied" file="/app/vendor/gammamatrix/playground-test/src/Feature/Http/Controllers/Resource/Playground/LockJsonTrait.php" line="143" class="Tests\Feature\Playground\Crm\Api\Http\Controllers\Playground\ClientRouteTest" classname="Tests.Feature.Playground.Crm.Api.Http.Controllers.Playground.ClientRouteTest" assertions="3" time="0.197227"/>
        <testcase name="test_json_guest_cannot_restore" file="/app/vendor/gammamatrix/playground-test/src/Feature/Http/Controllers/Resource/Playground/RestoreJsonTrait.php" line="32" class="Tests\Feature\Playground\Crm\Api\Http\Controllers\Playground\ClientRouteTest" classname="Tests.Feature.Playground.Crm.Api.Http.Controllers.Playground.ClientRouteTest" assertions="3" time="0.199221"/>
        <testcase name="test_json_restore_as_admin_and_succeed" file="/app/vendor/gammamatrix/playground-test/src/Feature/Http/Controllers/Resource/Playground/RestoreJsonTrait.php" line="64" class="Tests\Feature\Playground\Crm\Api\Http\Controllers\Playground\ClientRouteTest" classname="Tests.Feature.Playground.Crm.Api.Http.Controllers.Playground.ClientRouteTest" assertions="96" time="0.207854"/>
        <testcase name="test_json_restore_as_admin_and_succeed_with_no_redirect" file="/app/vendor/gammamatrix/playground-test/src/Feature/Http/Controllers/Resource/Playground/RestoreJsonTrait.php" line="100" class="Tests\Feature\Playground\Crm\Api\Http\Controllers\Playground\ClientRouteTest" classname="Tests.Feature.Playground.Crm.Api.Http.Controllers.Playground.ClientRouteTest" assertions="96" time="0.208300"/>
        <testcase name="test_json_restore_as_user_and_get_denied" file="/app/vendor/gammamatrix/playground-test/src/Feature/Http/Controllers/Resource/Playground/RestoreJsonTrait.php" line="143" class="Tests\Feature\Playground\Crm\Api\Http\Controllers\Playground\ClientRouteTest" classname="Tests.Feature.Playground.Crm.Api.Http.Controllers.Playground.ClientRouteTest" assertions="3" time="0.199991"/>
        <testcase name="test_json_guest_cannot_see_info" file="/app/vendor/gammamatrix/playground-test/src/Feature/Http/Controllers/Resource/Playground/ShowJsonTrait.php" line="29" class="Tests\Feature\Playground\Crm\Api\Http\Controllers\Playground\ClientRouteTest" classname="Tests.Feature.Playground.Crm.Api.Http.Controllers.Playground.ClientRouteTest" assertions="1" time="0.190974"/>
        <testcase name="test_json_show_info_for_admin" file="/app/vendor/gammamatrix/playground-test/src/Feature/Http/Controllers/Resource/Playground/ShowJsonTrait.php" line="49" class="Tests\Feature\Playground\Crm\Api\Http\Controllers\Playground\ClientRouteTest" classname="Tests.Feature.Playground.Crm.Api.Http.Controllers.Playground.ClientRouteTest" assertions="95" time="0.207542"/>
        <testcase name="test_json_guest_cannot_store" file="/app/vendor/gammamatrix/playground-test/src/Feature/Http/Controllers/Resource/Playground/StoreJsonTrait.php" line="43" class="Tests\Feature\Playground\Crm\Api\Http\Controllers\Playground\ClientRouteTest" classname="Tests.Feature.Playground.Crm.Api.Http.Controllers.Playground.ClientRouteTest" assertions="3" time="0.185172"/>
        <testcase name="test_json_store_as_admin_without_payload_and_fail_validation" file="/app/vendor/gammamatrix/playground-test/src/Feature/Http/Controllers/Resource/Playground/StoreJsonTrait.php" line="66" class="Tests\Feature\Playground\Crm\Api\Http\Controllers\Playground\ClientRouteTest" classname="Tests.Feature.Playground.Crm.Api.Http.Controllers.Playground.ClientRouteTest" assertions="5" time="0.199644"/>
        <testcase name="test_json_store_as_admin_and_succeed" file="/app/vendor/gammamatrix/playground-test/src/Feature/Http/Controllers/Resource/Playground/StoreJsonTrait.php" line="92" class="Tests\Feature\Playground\Crm\Api\Http\Controllers\Playground\ClientRouteTest" classname="Tests.Feature.Playground.Crm.Api.Http.Controllers.Playground.ClientRouteTest" assertions="3" time="0.252161"/>
        <testcase name="test_json_guest_cannot_unlock" file="/app/vendor/gammamatrix/playground-test/src/Feature/Http/Controllers/Resource/Playground/UnlockJsonTrait.php" line="36" class="Tests\Feature\Playground\Crm\Api\Http\Controllers\Playground\ClientRouteTest" classname="Tests.Feature.Playground.Crm.Api.Http.Controllers.Playground.ClientRouteTest" assertions="3" time="0.200637"/>
        <testcase name="test_json_unlock_as_admin_and_succeed" file="/app/vendor/gammamatrix/playground-test/src/Feature/Http/Controllers/Resource/Playground/UnlockJsonTrait.php" line="68" class="Tests\Feature\Playground\Crm\Api\Http\Controllers\Playground\ClientRouteTest" classname="Tests.Feature.Playground.Crm.Api.Http.Controllers.Playground.ClientRouteTest" assertions="96" time="0.211360"/>
        <testcase name="test_json_unlock_as_admin_and_succeed_with_no_redirect" file="/app/vendor/gammamatrix/playground-test/src/Feature/Http/Controllers/Resource/Playground/UnlockJsonTrait.php" line="104" class="Tests\Feature\Playground\Crm\Api\Http\Controllers\Playground\ClientRouteTest" classname="Tests.Feature.Playground.Crm.Api.Http.Controllers.Playground.ClientRouteTest" assertions="96" time="0.214243"/>
        <testcase name="test_json_unlock_as_user_and_get_denied" file="/app/vendor/gammamatrix/playground-test/src/Feature/Http/Controllers/Resource/Playground/UnlockJsonTrait.php" line="145" class="Tests\Feature\Playground\Crm\Api\Http\Controllers\Playground\ClientRouteTest" classname="Tests.Feature.Playground.Crm.Api.Http.Controllers.Playground.ClientRouteTest" assertions="3" time="0.200918"/>
        <testcase name="test_json_guest_cannot_update" file="/app/vendor/gammamatrix/playground-test/src/Feature/Http/Controllers/Resource/Playground/UpdateJsonTrait.php" line="45" class="Tests\Feature\Playground\Crm\Api\Http\Controllers\Playground\ClientRouteTest" classname="Tests.Feature.Playground.Crm.Api.Http.Controllers.Playground.ClientRouteTest" assertions="1" time="0.193012"/>
        <testcase name="test_json_update_as_admin_without_payload_and_fail_validation" file="/app/vendor/gammamatrix/playground-test/src/Feature/Http/Controllers/Resource/Playground/UpdateJsonTrait.php" line="65" class="Tests\Feature\Playground\Crm\Api\Http\Controllers\Playground\ClientRouteTest" classname="Tests.Feature.Playground.Crm.Api.Http.Controllers.Playground.ClientRouteTest" assertions="4" time="0.210221"/>
        <testcase name="test_json_admin_can_update" file="/app/vendor/gammamatrix/playground-test/src/Feature/Http/Controllers/Resource/Playground/UpdateJsonTrait.php" line="90" class="Tests\Feature\Playground\Crm\Api\Http\Controllers\Playground\ClientRouteTest" classname="Tests.Feature.Playground.Crm.Api.Http.Controllers.Playground.ClientRouteTest" assertions="98" time="0.254142"/>
      </testsuite>
      <testsuite name="Tests\Feature\Playground\Crm\Api\Http\Controllers\Playground\ContactRouteTest" file="/app/tests/Feature/Http/Controllers/Playground/ContactRouteTest.php" tests="35" assertions="949" errors="0" failures="0" skipped="0" time="7.125437">
        <testcase name="test_json_guest_cannot_get_create_info" file="/app/vendor/gammamatrix/playground-test/src/Feature/Http/Controllers/Resource/Playground/CreateJsonTrait.php" line="38" class="Tests\Feature\Playground\Crm\Api\Http\Controllers\Playground\ContactRouteTest" classname="Tests.Feature.Playground.Crm.Api.Http.Controllers.Playground.ContactRouteTest" assertions="1" time="0.204469"/>
        <testcase name="test_json_admin_can_get_create_info" file="/app/vendor/gammamatrix/playground-test/src/Feature/Http/Controllers/Resource/Playground/CreateJsonTrait.php" line="53" class="Tests\Feature\Playground\Crm\Api\Http\Controllers\Playground\ContactRouteTest" classname="Tests.Feature.Playground.Crm.Api.Http.Controllers.Playground.ContactRouteTest" assertions="94" time="0.200042"/>
        <testcase name="test_json_get_create_info_as_admin_with_invalid_parameter_and_fail_validation" file="/app/vendor/gammamatrix/playground-test/src/Feature/Http/Controllers/Resource/Playground/CreateJsonTrait.php" line="73" class="Tests\Feature\Playground\Crm\Api\Http\Controllers\Playground\ContactRouteTest" classname="Tests.Feature.Playground.Crm.Api.Http.Controllers.Playground.ContactRouteTest" assertions="4" time="0.193061"/>
        <testcase name="test_json_guest_cannot_destroy" file="/app/vendor/gammamatrix/playground-test/src/Feature/Http/Controllers/Resource/Playground/DestroyJsonTrait.php" line="31" class="Tests\Feature\Playground\Crm\Api\Http\Controllers\Playground\ContactRouteTest" classname="Tests.Feature.Playground.Crm.Api.Http.Controllers.Playground.ContactRouteTest" assertions="3" time="0.186932"/>
        <testcase name="test_json_destroy_as_admin_and_succeed" file="/app/vendor/gammamatrix/playground-test/src/Feature/Http/Controllers/Resource/Playground/DestroyJsonTrait.php" line="61" class="Tests\Feature\Playground\Crm\Api\Http\Controllers\Playground\ContactRouteTest" classname="Tests.Feature.Playground.Crm.Api.Http.Controllers.Playground.ContactRouteTest" assertions="5" time="0.194528"/>
        <testcase name="test_json_destroy_as_admin_and_succeed_with_force_delete" file="/app/vendor/gammamatrix/playground-test/src/Feature/Http/Controllers/Resource/Playground/DestroyJsonTrait.php" line="100" class="Tests\Feature\Playground\Crm\Api\Http\Controllers\Playground\ContactRouteTest" classname="Tests.Feature.Playground.Crm.Api.Http.Controllers.Playground.ContactRouteTest" assertions="4" time="0.195788"/>
        <testcase name="test_json_destroy_as_admin_and_succeed_with_no_content" file="/app/vendor/gammamatrix/playground-test/src/Feature/Http/Controllers/Resource/Playground/DestroyJsonTrait.php" line="132" class="Tests\Feature\Playground\Crm\Api\Http\Controllers\Playground\ContactRouteTest" classname="Tests.Feature.Playground.Crm.Api.Http.Controllers.Playground.ContactRouteTest" assertions="5" time="0.199068"/>
        <testcase name="test_json_destroy_as_admin_and_succeed_and_ignore_redirect" file="/app/vendor/gammamatrix/playground-test/src/Feature/Http/Controllers/Resource/Playground/DestroyJsonTrait.php" line="167" class="Tests\Feature\Playground\Crm\Api\Http\Controllers\Playground\ContactRouteTest" classname="Tests.Feature.Playground.Crm.Api.Http.Controllers.Playground.ContactRouteTest" assertions="5" time="0.196265"/>
        <testcase name="test_json_destroy_as_user_and_get_denied_and_no_force_delete_allowed" file="/app/vendor/gammamatrix/playground-test/src/Feature/Http/Controllers/Resource/Playground/DestroyJsonTrait.php" line="209" class="Tests\Feature\Playground\Crm\Api\Http\Controllers\Playground\ContactRouteTest" classname="Tests.Feature.Playground.Crm.Api.Http.Controllers.Playground.ContactRouteTest" assertions="3" time="0.213951"/>
        <testcase name="test_json_guest_cannot_get_edit_info" file="/app/vendor/gammamatrix/playground-test/src/Feature/Http/Controllers/Resource/Playground/EditJsonTrait.php" line="38" class="Tests\Feature\Playground\Crm\Api\Http\Controllers\Playground\ContactRouteTest" classname="Tests.Feature.Playground.Crm.Api.Http.Controllers.Playground.ContactRouteTest" assertions="1" time="0.186762"/>
        <testcase name="test_json_admin_can_get_edit_info" file="/app/vendor/gammamatrix/playground-test/src/Feature/Http/Controllers/Resource/Playground/EditJsonTrait.php" line="58" class="Tests\Feature\Playground\Crm\Api\Http\Controllers\Playground\ContactRouteTest" classname="Tests.Feature.Playground.Crm.Api.Http.Controllers.Playground.ContactRouteTest" assertions="4" time="0.207330"/>
        <testcase name="test_json_edit_as_admin_and_fail_validation_with_invalid_parameter" file="/app/vendor/gammamatrix/playground-test/src/Feature/Http/Controllers/Resource/Playground/EditJsonTrait.php" line="87" class="Tests\Feature\Playground\Crm\Api\Http\Controllers\Playground\ContactRouteTest" classname="Tests.Feature.Playground.Crm.Api.Http.Controllers.Playground.ContactRouteTest" assertions="4" time="0.203520"/>
        <testcase name="test_json_guest_cannot_get_index" file="/app/vendor/gammamatrix/playground-test/src/Feature/Http/Controllers/Resource/Playground/IndexJsonTrait.php" line="34" class="Tests\Feature\Playground\Crm\Api\Http\Controllers\Playground\ContactRouteTest" classname="Tests.Feature.Playground.Crm.Api.Http.Controllers.Playground.ContactRouteTest" assertions="1" time="0.186165"/>
        <testcase name="test_json_admin_can_get_index" file="/app/vendor/gammamatrix/playground-test/src/Feature/Http/Controllers/Resource/Playground/IndexJsonTrait.php" line="49" class="Tests\Feature\Playground\Crm\Api\Http\Controllers\Playground\ContactRouteTest" classname="Tests.Feature.Playground.Crm.Api.Http.Controllers.Playground.ContactRouteTest" assertions="101" time="0.217326"/>
        <testcase name="test_json_admin_can_get_index_with_filters" file="/app/vendor/gammamatrix/playground-test/src/Feature/Http/Controllers/Resource/Playground/IndexJsonTrait.php" line="85" class="Tests\Feature\Playground\Crm\Api\Http\Controllers\Playground\ContactRouteTest" classname="Tests.Feature.Playground.Crm.Api.Http.Controllers.Playground.ContactRouteTest" assertions="3" time="0.208706"/>
        <testcase name="test_json_guest_cannot_lock" file="/app/vendor/gammamatrix/playground-test/src/Feature/Http/Controllers/Resource/Playground/LockJsonTrait.php" line="36" class="Tests\Feature\Playground\Crm\Api\Http\Controllers\Playground\ContactRouteTest" classname="Tests.Feature.Playground.Crm.Api.Http.Controllers.Playground.ContactRouteTest" assertions="3" time="0.185624"/>
        <testcase name="test_json_lock_as_admin_and_succeed" file="/app/vendor/gammamatrix/playground-test/src/Feature/Http/Controllers/Resource/Playground/LockJsonTrait.php" line="66" class="Tests\Feature\Playground\Crm\Api\Http\Controllers\Playground\ContactRouteTest" classname="Tests.Feature.Playground.Crm.Api.Http.Controllers.Playground.ContactRouteTest" assertions="3" time="0.213335"/>
        <testcase name="test_json_lock_as_admin_and_succeed_with_no_redirect" file="/app/vendor/gammamatrix/playground-test/src/Feature/Http/Controllers/Resource/Playground/LockJsonTrait.php" line="98" class="Tests\Feature\Playground\Crm\Api\Http\Controllers\Playground\ContactRouteTest" classname="Tests.Feature.Playground.Crm.Api.Http.Controllers.Playground.ContactRouteTest" assertions="96" time="0.209153"/>
        <testcase name="test_json_lock_as_user_and_get_denied" file="/app/vendor/gammamatrix/playground-test/src/Feature/Http/Controllers/Resource/Playground/LockJsonTrait.php" line="143" class="Tests\Feature\Playground\Crm\Api\Http\Controllers\Playground\ContactRouteTest" classname="Tests.Feature.Playground.Crm.Api.Http.Controllers.Playground.ContactRouteTest" assertions="3" time="0.201402"/>
        <testcase name="test_json_guest_cannot_restore" file="/app/vendor/gammamatrix/playground-test/src/Feature/Http/Controllers/Resource/Playground/RestoreJsonTrait.php" line="32" class="Tests\Feature\Playground\Crm\Api\Http\Controllers\Playground\ContactRouteTest" classname="Tests.Feature.Playground.Crm.Api.Http.Controllers.Playground.ContactRouteTest" assertions="3" time="0.188765"/>
        <testcase name="test_json_restore_as_admin_and_succeed" file="/app/vendor/gammamatrix/playground-test/src/Feature/Http/Controllers/Resource/Playground/RestoreJsonTrait.php" line="64" class="Tests\Feature\Playground\Crm\Api\Http\Controllers\Playground\ContactRouteTest" classname="Tests.Feature.Playground.Crm.Api.Http.Controllers.Playground.ContactRouteTest" assertions="96" time="0.221073"/>
        <testcase name="test_json_restore_as_admin_and_succeed_with_no_redirect" file="/app/vendor/gammamatrix/playground-test/src/Feature/Http/Controllers/Resource/Playground/RestoreJsonTrait.php" line="100" class="Tests\Feature\Playground\Crm\Api\Http\Controllers\Playground\ContactRouteTest" classname="Tests.Feature.Playground.Crm.Api.Http.Controllers.Playground.ContactRouteTest" assertions="96" time="0.208496"/>
        <testcase name="test_json_restore_as_user_and_get_denied" file="/app/vendor/gammamatrix/playground-test/src/Feature/Http/Controllers/Resource/Playground/RestoreJsonTrait.php" line="143" class="Tests\Feature\Playground\Crm\Api\Http\Controllers\Playground\ContactRouteTest" classname="Tests.Feature.Playground.Crm.Api.Http.Controllers.Playground.ContactRouteTest" assertions="3" time="0.199853"/>
        <testcase name="test_json_guest_cannot_see_info" file="/app/vendor/gammamatrix/playground-test/src/Feature/Http/Controllers/Resource/Playground/ShowJsonTrait.php" line="29" class="Tests\Feature\Playground\Crm\Api\Http\Controllers\Playground\ContactRouteTest" classname="Tests.Feature.Playground.Crm.Api.Http.Controllers.Playground.ContactRouteTest" assertions="1" time="0.193103"/>
        <testcase name="test_json_show_info_for_admin" file="/app/vendor/gammamatrix/playground-test/src/Feature/Http/Controllers/Resource/Playground/ShowJsonTrait.php" line="49" class="Tests\Feature\Playground\Crm\Api\Http\Controllers\Playground\ContactRouteTest" classname="Tests.Feature.Playground.Crm.Api.Http.Controllers.Playground.ContactRouteTest" assertions="95" time="0.203957"/>
        <testcase name="test_json_guest_cannot_store" file="/app/vendor/gammamatrix/playground-test/src/Feature/Http/Controllers/Resource/Playground/StoreJsonTrait.php" line="43" class="Tests\Feature\Playground\Crm\Api\Http\Controllers\Playground\ContactRouteTest" classname="Tests.Feature.Playground.Crm.Api.Http.Controllers.Playground.ContactRouteTest" assertions="3" time="0.190404"/>
        <testcase name="test_json_store_as_admin_without_payload_and_fail_validation" file="/app/vendor/gammamatrix/playground-test/src/Feature/Http/Controllers/Resource/Playground/StoreJsonTrait.php" line="66" class="Tests\Feature\Playground\Crm\Api\Http\Controllers\Playground\ContactRouteTest" classname="Tests.Feature.Playground.Crm.Api.Http.Controllers.Playground.ContactRouteTest" assertions="5" time="0.197804"/>
        <testcase name="test_json_store_as_admin_and_succeed" file="/app/vendor/gammamatrix/playground-test/src/Feature/Http/Controllers/Resource/Playground/StoreJsonTrait.php" line="92" class="Tests\Feature\Playground\Crm\Api\Http\Controllers\Playground\ContactRouteTest" classname="Tests.Feature.Playground.Crm.Api.Http.Controllers.Playground.ContactRouteTest" assertions="3" time="0.229994"/>
        <testcase name="test_json_guest_cannot_unlock" file="/app/vendor/gammamatrix/playground-test/src/Feature/Http/Controllers/Resource/Playground/UnlockJsonTrait.php" line="36" class="Tests\Feature\Playground\Crm\Api\Http\Controllers\Playground\ContactRouteTest" classname="Tests.Feature.Playground.Crm.Api.Http.Controllers.Playground.ContactRouteTest" assertions="3" time="0.197110"/>
        <testcase name="test_json_unlock_as_admin_and_succeed" file="/app/vendor/gammamatrix/playground-test/src/Feature/Http/Controllers/Resource/Playground/UnlockJsonTrait.php" line="68" class="Tests\Feature\Playground\Crm\Api\Http\Controllers\Playground\ContactRouteTest" classname="Tests.Feature.Playground.Crm.Api.Http.Controllers.Playground.ContactRouteTest" assertions="96" time="0.214917"/>
        <testcase name="test_json_unlock_as_admin_and_succeed_with_no_redirect" file="/app/vendor/gammamatrix/playground-test/src/Feature/Http/Controllers/Resource/Playground/UnlockJsonTrait.php" line="104" class="Tests\Feature\Playground\Crm\Api\Http\Controllers\Playground\ContactRouteTest" classname="Tests.Feature.Playground.Crm.Api.Http.Controllers.Playground.ContactRouteTest" assertions="96" time="0.212647"/>
        <testcase name="test_json_unlock_as_user_and_get_denied" file="/app/vendor/gammamatrix/playground-test/src/Feature/Http/Controllers/Resource/Playground/UnlockJsonTrait.php" line="145" class="Tests\Feature\Playground\Crm\Api\Http\Controllers\Playground\ContactRouteTest" classname="Tests.Feature.Playground.Crm.Api.Http.Controllers.Playground.ContactRouteTest" assertions="3" time="0.201317"/>
        <testcase name="test_json_guest_cannot_update" file="/app/vendor/gammamatrix/playground-test/src/Feature/Http/Controllers/Resource/Playground/UpdateJsonTrait.php" line="45" class="Tests\Feature\Playground\Crm\Api\Http\Controllers\Playground\ContactRouteTest" classname="Tests.Feature.Playground.Crm.Api.Http.Controllers.Playground.ContactRouteTest" assertions="1" time="0.190783"/>
        <testcase name="test_json_update_as_admin_without_payload_and_fail_validation" file="/app/vendor/gammamatrix/playground-test/src/Feature/Http/Controllers/Resource/Playground/UpdateJsonTrait.php" line="65" class="Tests\Feature\Playground\Crm\Api\Http\Controllers\Playground\ContactRouteTest" classname="Tests.Feature.Playground.Crm.Api.Http.Controllers.Playground.ContactRouteTest" assertions="4" time="0.211984"/>
        <testcase name="test_json_admin_can_update" file="/app/vendor/gammamatrix/playground-test/src/Feature/Http/Controllers/Resource/Playground/UpdateJsonTrait.php" line="90" class="Tests\Feature\Playground\Crm\Api\Http\Controllers\Playground\ContactRouteTest" classname="Tests.Feature.Playground.Crm.Api.Http.Controllers.Playground.ContactRouteTest" assertions="98" time="0.259803"/>
      </testsuite>
      <testsuite name="Tests\Feature\Playground\Crm\Api\Http\Controllers\Playground\LocationRouteTest" file="/app/tests/Feature/Http/Controllers/Playground/LocationRouteTest.php" tests="35" assertions="949" errors="0" failures="0" skipped="0" time="7.135631">
        <testcase name="test_json_guest_cannot_get_create_info" file="/app/vendor/gammamatrix/playground-test/src/Feature/Http/Controllers/Resource/Playground/CreateJsonTrait.php" line="38" class="Tests\Feature\Playground\Crm\Api\Http\Controllers\Playground\LocationRouteTest" classname="Tests.Feature.Playground.Crm.Api.Http.Controllers.Playground.LocationRouteTest" assertions="1" time="0.205043"/>
        <testcase name="test_json_admin_can_get_create_info" file="/app/vendor/gammamatrix/playground-test/src/Feature/Http/Controllers/Resource/Playground/CreateJsonTrait.php" line="53" class="Tests\Feature\Playground\Crm\Api\Http\Controllers\Playground\LocationRouteTest" classname="Tests.Feature.Playground.Crm.Api.Http.Controllers.Playground.LocationRouteTest" assertions="94" time="0.199245"/>
        <testcase name="test_json_get_create_info_as_admin_with_invalid_parameter_and_fail_validation" file="/app/vendor/gammamatrix/playground-test/src/Feature/Http/Controllers/Resource/Playground/CreateJsonTrait.php" line="73" class="Tests\Feature\Playground\Crm\Api\Http\Controllers\Playground\LocationRouteTest" classname="Tests.Feature.Playground.Crm.Api.Http.Controllers.Playground.LocationRouteTest" assertions="4" time="0.193500"/>
        <testcase name="test_json_guest_cannot_destroy" file="/app/vendor/gammamatrix/playground-test/src/Feature/Http/Controllers/Resource/Playground/DestroyJsonTrait.php" line="31" class="Tests\Feature\Playground\Crm\Api\Http\Controllers\Playground\LocationRouteTest" classname="Tests.Feature.Playground.Crm.Api.Http.Controllers.Playground.LocationRouteTest" assertions="3" time="0.189429"/>
        <testcase name="test_json_destroy_as_admin_and_succeed" file="/app/vendor/gammamatrix/playground-test/src/Feature/Http/Controllers/Resource/Playground/DestroyJsonTrait.php" line="61" class="Tests\Feature\Playground\Crm\Api\Http\Controllers\Playground\LocationRouteTest" classname="Tests.Feature.Playground.Crm.Api.Http.Controllers.Playground.LocationRouteTest" assertions="5" time="0.199450"/>
        <testcase name="test_json_destroy_as_admin_and_succeed_with_force_delete" file="/app/vendor/gammamatrix/playground-test/src/Feature/Http/Controllers/Resource/Playground/DestroyJsonTrait.php" line="100" class="Tests\Feature\Playground\Crm\Api\Http\Controllers\Playground\LocationRouteTest" classname="Tests.Feature.Playground.Crm.Api.Http.Controllers.Playground.LocationRouteTest" assertions="4" time="0.194151"/>
        <testcase name="test_json_destroy_as_admin_and_succeed_with_no_content" file="/app/vendor/gammamatrix/playground-test/src/Feature/Http/Controllers/Resource/Playground/DestroyJsonTrait.php" line="132" class="Tests\Feature\Playground\Crm\Api\Http\Controllers\Playground\LocationRouteTest" classname="Tests.Feature.Playground.Crm.Api.Http.Controllers.Playground.LocationRouteTest" assertions="5" time="0.195846"/>
        <testcase name="test_json_destroy_as_admin_and_succeed_and_ignore_redirect" file="/app/vendor/gammamatrix/playground-test/src/Feature/Http/Controllers/Resource/Playground/DestroyJsonTrait.php" line="167" class="Tests\Feature\Playground\Crm\Api\Http\Controllers\Playground\LocationRouteTest" classname="Tests.Feature.Playground.Crm.Api.Http.Controllers.Playground.LocationRouteTest" assertions="5" time="0.198772"/>
        <testcase name="test_json_destroy_as_user_and_get_denied_and_no_force_delete_allowed" file="/app/vendor/gammamatrix/playground-test/src/Feature/Http/Controllers/Resource/Playground/DestroyJsonTrait.php" line="209" class="Tests\Feature\Playground\Crm\Api\Http\Controllers\Playground\LocationRouteTest" classname="Tests.Feature.Playground.Crm.Api.Http.Controllers.Playground.LocationRouteTest" assertions="3" time="0.199150"/>
        <testcase name="test_json_guest_cannot_get_edit_info" file="/app/vendor/gammamatrix/playground-test/src/Feature/Http/Controllers/Resource/Playground/EditJsonTrait.php" line="38" class="Tests\Feature\Playground\Crm\Api\Http\Controllers\Playground\LocationRouteTest" classname="Tests.Feature.Playground.Crm.Api.Http.Controllers.Playground.LocationRouteTest" assertions="1" time="0.183311"/>
        <testcase name="test_json_admin_can_get_edit_info" file="/app/vendor/gammamatrix/playground-test/src/Feature/Http/Controllers/Resource/Playground/EditJsonTrait.php" line="58" class="Tests\Feature\Playground\Crm\Api\Http\Controllers\Playground\LocationRouteTest" classname="Tests.Feature.Playground.Crm.Api.Http.Controllers.Playground.LocationRouteTest" assertions="4" time="0.206385"/>
        <testcase name="test_json_edit_as_admin_and_fail_validation_with_invalid_parameter" file="/app/vendor/gammamatrix/playground-test/src/Feature/Http/Controllers/Resource/Playground/EditJsonTrait.php" line="87" class="Tests\Feature\Playground\Crm\Api\Http\Controllers\Playground\LocationRouteTest" classname="Tests.Feature.Playground.Crm.Api.Http.Controllers.Playground.LocationRouteTest" assertions="4" time="0.205715"/>
        <testcase name="test_json_guest_cannot_get_index" file="/app/vendor/gammamatrix/playground-test/src/Feature/Http/Controllers/Resource/Playground/IndexJsonTrait.php" line="34" class="Tests\Feature\Playground\Crm\Api\Http\Controllers\Playground\LocationRouteTest" classname="Tests.Feature.Playground.Crm.Api.Http.Controllers.Playground.LocationRouteTest" assertions="1" time="0.187160"/>
        <testcase name="test_json_admin_can_get_index" file="/app/vendor/gammamatrix/playground-test/src/Feature/Http/Controllers/Resource/Playground/IndexJsonTrait.php" line="49" class="Tests\Feature\Playground\Crm\Api\Http\Controllers\Playground\LocationRouteTest" classname="Tests.Feature.Playground.Crm.Api.Http.Controllers.Playground.LocationRouteTest" assertions="101" time="0.225527"/>
        <testcase name="test_json_admin_can_get_index_with_filters" file="/app/vendor/gammamatrix/playground-test/src/Feature/Http/Controllers/Resource/Playground/IndexJsonTrait.php" line="85" class="Tests\Feature\Playground\Crm\Api\Http\Controllers\Playground\LocationRouteTest" classname="Tests.Feature.Playground.Crm.Api.Http.Controllers.Playground.LocationRouteTest" assertions="3" time="0.209265"/>
        <testcase name="test_json_guest_cannot_lock" file="/app/vendor/gammamatrix/playground-test/src/Feature/Http/Controllers/Resource/Playground/LockJsonTrait.php" line="36" class="Tests\Feature\Playground\Crm\Api\Http\Controllers\Playground\LocationRouteTest" classname="Tests.Feature.Playground.Crm.Api.Http.Controllers.Playground.LocationRouteTest" assertions="3" time="0.185957"/>
        <testcase name="test_json_lock_as_admin_and_succeed" file="/app/vendor/gammamatrix/playground-test/src/Feature/Http/Controllers/Resource/Playground/LockJsonTrait.php" line="66" class="Tests\Feature\Playground\Crm\Api\Http\Controllers\Playground\LocationRouteTest" classname="Tests.Feature.Playground.Crm.Api.Http.Controllers.Playground.LocationRouteTest" assertions="3" time="0.205755"/>
        <testcase name="test_json_lock_as_admin_and_succeed_with_no_redirect" file="/app/vendor/gammamatrix/playground-test/src/Feature/Http/Controllers/Resource/Playground/LockJsonTrait.php" line="98" class="Tests\Feature\Playground\Crm\Api\Http\Controllers\Playground\LocationRouteTest" classname="Tests.Feature.Playground.Crm.Api.Http.Controllers.Playground.LocationRouteTest" assertions="96" time="0.208406"/>
        <testcase name="test_json_lock_as_user_and_get_denied" file="/app/vendor/gammamatrix/playground-test/src/Feature/Http/Controllers/Resource/Playground/LockJsonTrait.php" line="143" class="Tests\Feature\Playground\Crm\Api\Http\Controllers\Playground\LocationRouteTest" classname="Tests.Feature.Playground.Crm.Api.Http.Controllers.Playground.LocationRouteTest" assertions="3" time="0.210600"/>
        <testcase name="test_json_guest_cannot_restore" file="/app/vendor/gammamatrix/playground-test/src/Feature/Http/Controllers/Resource/Playground/RestoreJsonTrait.php" line="32" class="Tests\Feature\Playground\Crm\Api\Http\Controllers\Playground\LocationRouteTest" classname="Tests.Feature.Playground.Crm.Api.Http.Controllers.Playground.LocationRouteTest" assertions="3" time="0.187909"/>
        <testcase name="test_json_restore_as_admin_and_succeed" file="/app/vendor/gammamatrix/playground-test/src/Feature/Http/Controllers/Resource/Playground/RestoreJsonTrait.php" line="64" class="Tests\Feature\Playground\Crm\Api\Http\Controllers\Playground\LocationRouteTest" classname="Tests.Feature.Playground.Crm.Api.Http.Controllers.Playground.LocationRouteTest" assertions="96" time="0.208432"/>
        <testcase name="test_json_restore_as_admin_and_succeed_with_no_redirect" file="/app/vendor/gammamatrix/playground-test/src/Feature/Http/Controllers/Resource/Playground/RestoreJsonTrait.php" line="100" class="Tests\Feature\Playground\Crm\Api\Http\Controllers\Playground\LocationRouteTest" classname="Tests.Feature.Playground.Crm.Api.Http.Controllers.Playground.LocationRouteTest" assertions="96" time="0.214958"/>
        <testcase name="test_json_restore_as_user_and_get_denied" file="/app/vendor/gammamatrix/playground-test/src/Feature/Http/Controllers/Resource/Playground/RestoreJsonTrait.php" line="143" class="Tests\Feature\Playground\Crm\Api\Http\Controllers\Playground\LocationRouteTest" classname="Tests.Feature.Playground.Crm.Api.Http.Controllers.Playground.LocationRouteTest" assertions="3" time="0.200166"/>
        <testcase name="test_json_guest_cannot_see_info" file="/app/vendor/gammamatrix/playground-test/src/Feature/Http/Controllers/Resource/Playground/ShowJsonTrait.php" line="29" class="Tests\Feature\Playground\Crm\Api\Http\Controllers\Playground\LocationRouteTest" classname="Tests.Feature.Playground.Crm.Api.Http.Controllers.Playground.LocationRouteTest" assertions="1" time="0.195345"/>
        <testcase name="test_json_show_info_for_admin" file="/app/vendor/gammamatrix/playground-test/src/Feature/Http/Controllers/Resource/Playground/ShowJsonTrait.php" line="49" class="Tests\Feature\Playground\Crm\Api\Http\Controllers\Playground\LocationRouteTest" classname="Tests.Feature.Playground.Crm.Api.Http.Controllers.Playground.LocationRouteTest" assertions="95" time="0.203260"/>
        <testcase name="test_json_guest_cannot_store" file="/app/vendor/gammamatrix/playground-test/src/Feature/Http/Controllers/Resource/Playground/StoreJsonTrait.php" line="43" class="Tests\Feature\Playground\Crm\Api\Http\Controllers\Playground\LocationRouteTest" classname="Tests.Feature.Playground.Crm.Api.Http.Controllers.Playground.LocationRouteTest" assertions="3" time="0.186508"/>
        <testcase name="test_json_store_as_admin_without_payload_and_fail_validation" file="/app/vendor/gammamatrix/playground-test/src/Feature/Http/Controllers/Resource/Playground/StoreJsonTrait.php" line="66" class="Tests\Feature\Playground\Crm\Api\Http\Controllers\Playground\LocationRouteTest" classname="Tests.Feature.Playground.Crm.Api.Http.Controllers.Playground.LocationRouteTest" assertions="5" time="0.198972"/>
        <testcase name="test_json_store_as_admin_and_succeed" file="/app/vendor/gammamatrix/playground-test/src/Feature/Http/Controllers/Resource/Playground/StoreJsonTrait.php" line="92" class="Tests\Feature\Playground\Crm\Api\Http\Controllers\Playground\LocationRouteTest" classname="Tests.Feature.Playground.Crm.Api.Http.Controllers.Playground.LocationRouteTest" assertions="3" time="0.229275"/>
        <testcase name="test_json_guest_cannot_unlock" file="/app/vendor/gammamatrix/playground-test/src/Feature/Http/Controllers/Resource/Playground/UnlockJsonTrait.php" line="36" class="Tests\Feature\Playground\Crm\Api\Http\Controllers\Playground\LocationRouteTest" classname="Tests.Feature.Playground.Crm.Api.Http.Controllers.Playground.LocationRouteTest" assertions="3" time="0.203163"/>
        <testcase name="test_json_unlock_as_admin_and_succeed" file="/app/vendor/gammamatrix/playground-test/src/Feature/Http/Controllers/Resource/Playground/UnlockJsonTrait.php" line="68" class="Tests\Feature\Playground\Crm\Api\Http\Controllers\Playground\LocationRouteTest" classname="Tests.Feature.Playground.Crm.Api.Http.Controllers.Playground.LocationRouteTest" assertions="96" time="0.222838"/>
        <testcase name="test_json_unlock_as_admin_and_succeed_with_no_redirect" file="/app/vendor/gammamatrix/playground-test/src/Feature/Http/Controllers/Resource/Playground/UnlockJsonTrait.php" line="104" class="Tests\Feature\Playground\Crm\Api\Http\Controllers\Playground\LocationRouteTest" classname="Tests.Feature.Playground.Crm.Api.Http.Controllers.Playground.LocationRouteTest" assertions="96" time="0.218406"/>
        <testcase name="test_json_unlock_as_user_and_get_denied" file="/app/vendor/gammamatrix/playground-test/src/Feature/Http/Controllers/Resource/Playground/UnlockJsonTrait.php" line="145" class="Tests\Feature\Playground\Crm\Api\Http\Controllers\Playground\LocationRouteTest" classname="Tests.Feature.Playground.Crm.Api.Http.Controllers.Playground.LocationRouteTest" assertions="3" time="0.200545"/>
        <testcase name="test_json_guest_cannot_update" file="/app/vendor/gammamatrix/playground-test/src/Feature/Http/Controllers/Resource/Playground/UpdateJsonTrait.php" line="45" class="Tests\Feature\Playground\Crm\Api\Http\Controllers\Playground\LocationRouteTest" classname="Tests.Feature.Playground.Crm.Api.Http.Controllers.Playground.LocationRouteTest" assertions="1" time="0.198391"/>
        <testcase name="test_json_update_as_admin_without_payload_and_fail_validation" file="/app/vendor/gammamatrix/playground-test/src/Feature/Http/Controllers/Resource/Playground/UpdateJsonTrait.php" line="65" class="Tests\Feature\Playground\Crm\Api\Http\Controllers\Playground\LocationRouteTest" classname="Tests.Feature.Playground.Crm.Api.Http.Controllers.Playground.LocationRouteTest" assertions="4" time="0.210249"/>
        <testcase name="test_json_admin_can_update" file="/app/vendor/gammamatrix/playground-test/src/Feature/Http/Controllers/Resource/Playground/UpdateJsonTrait.php" line="90" class="Tests\Feature\Playground\Crm\Api\Http\Controllers\Playground\LocationRouteTest" classname="Tests.Feature.Playground.Crm.Api.Http.Controllers.Playground.LocationRouteTest" assertions="98" time="0.254546"/>
      </testsuite>
      <testsuite name="Tests\Feature\Playground\Crm\Api\Http\Controllers\Playground\OrganizationRouteTest" file="/app/tests/Feature/Http/Controllers/Playground/OrganizationRouteTest.php" tests="35" assertions="949" errors="0" failures="0" skipped="0" time="7.158393">
        <testcase name="test_json_guest_cannot_get_create_info" file="/app/vendor/gammamatrix/playground-test/src/Feature/Http/Controllers/Resource/Playground/CreateJsonTrait.php" line="38" class="Tests\Feature\Playground\Crm\Api\Http\Controllers\Playground\OrganizationRouteTest" classname="Tests.Feature.Playground.Crm.Api.Http.Controllers.Playground.OrganizationRouteTest" assertions="1" time="0.208931"/>
        <testcase name="test_json_admin_can_get_create_info" file="/app/vendor/gammamatrix/playground-test/src/Feature/Http/Controllers/Resource/Playground/CreateJsonTrait.php" line="53" class="Tests\Feature\Playground\Crm\Api\Http\Controllers\Playground\OrganizationRouteTest" classname="Tests.Feature.Playground.Crm.Api.Http.Controllers.Playground.OrganizationRouteTest" assertions="94" time="0.201460"/>
        <testcase name="test_json_get_create_info_as_admin_with_invalid_parameter_and_fail_validation" file="/app/vendor/gammamatrix/playground-test/src/Feature/Http/Controllers/Resource/Playground/CreateJsonTrait.php" line="73" class="Tests\Feature\Playground\Crm\Api\Http\Controllers\Playground\OrganizationRouteTest" classname="Tests.Feature.Playground.Crm.Api.Http.Controllers.Playground.OrganizationRouteTest" assertions="4" time="0.202625"/>
        <testcase name="test_json_guest_cannot_destroy" file="/app/vendor/gammamatrix/playground-test/src/Feature/Http/Controllers/Resource/Playground/DestroyJsonTrait.php" line="31" class="Tests\Feature\Playground\Crm\Api\Http\Controllers\Playground\OrganizationRouteTest" classname="Tests.Feature.Playground.Crm.Api.Http.Controllers.Playground.OrganizationRouteTest" assertions="3" time="0.184928"/>
        <testcase name="test_json_destroy_as_admin_and_succeed" file="/app/vendor/gammamatrix/playground-test/src/Feature/Http/Controllers/Resource/Playground/DestroyJsonTrait.php" line="61" class="Tests\Feature\Playground\Crm\Api\Http\Controllers\Playground\OrganizationRouteTest" classname="Tests.Feature.Playground.Crm.Api.Http.Controllers.Playground.OrganizationRouteTest" assertions="5" time="0.194447"/>
        <testcase name="test_json_destroy_as_admin_and_succeed_with_force_delete" file="/app/vendor/gammamatrix/playground-test/src/Feature/Http/Controllers/Resource/Playground/DestroyJsonTrait.php" line="100" class="Tests\Feature\Playground\Crm\Api\Http\Controllers\Playground\OrganizationRouteTest" classname="Tests.Feature.Playground.Crm.Api.Http.Controllers.Playground.OrganizationRouteTest" assertions="4" time="0.194072"/>
        <testcase name="test_json_destroy_as_admin_and_succeed_with_no_content" file="/app/vendor/gammamatrix/playground-test/src/Feature/Http/Controllers/Resource/Playground/DestroyJsonTrait.php" line="132" class="Tests\Feature\Playground\Crm\Api\Http\Controllers\Playground\OrganizationRouteTest" classname="Tests.Feature.Playground.Crm.Api.Http.Controllers.Playground.OrganizationRouteTest" assertions="5" time="0.196880"/>
        <testcase name="test_json_destroy_as_admin_and_succeed_and_ignore_redirect" file="/app/vendor/gammamatrix/playground-test/src/Feature/Http/Controllers/Resource/Playground/DestroyJsonTrait.php" line="167" class="Tests\Feature\Playground\Crm\Api\Http\Controllers\Playground\OrganizationRouteTest" classname="Tests.Feature.Playground.Crm.Api.Http.Controllers.Playground.OrganizationRouteTest" assertions="5" time="0.205996"/>
        <testcase name="test_json_destroy_as_user_and_get_denied_and_no_force_delete_allowed" file="/app/vendor/gammamatrix/playground-test/src/Feature/Http/Controllers/Resource/Playground/DestroyJsonTrait.php" line="209" class="Tests\Feature\Playground\Crm\Api\Http\Controllers\Playground\OrganizationRouteTest" classname="Tests.Feature.Playground.Crm.Api.Http.Controllers.Playground.OrganizationRouteTest" assertions="3" time="0.199817"/>
        <testcase name="test_json_guest_cannot_get_edit_info" file="/app/vendor/gammamatrix/playground-test/src/Feature/Http/Controllers/Resource/Playground/EditJsonTrait.php" line="38" class="Tests\Feature\Playground\Crm\Api\Http\Controllers\Playground\OrganizationRouteTest" classname="Tests.Feature.Playground.Crm.Api.Http.Controllers.Playground.OrganizationRouteTest" assertions="1" time="0.184556"/>
        <testcase name="test_json_admin_can_get_edit_info" file="/app/vendor/gammamatrix/playground-test/src/Feature/Http/Controllers/Resource/Playground/EditJsonTrait.php" line="58" class="Tests\Feature\Playground\Crm\Api\Http\Controllers\Playground\OrganizationRouteTest" classname="Tests.Feature.Playground.Crm.Api.Http.Controllers.Playground.OrganizationRouteTest" assertions="4" time="0.207728"/>
        <testcase name="test_json_edit_as_admin_and_fail_validation_with_invalid_parameter" file="/app/vendor/gammamatrix/playground-test/src/Feature/Http/Controllers/Resource/Playground/EditJsonTrait.php" line="87" class="Tests\Feature\Playground\Crm\Api\Http\Controllers\Playground\OrganizationRouteTest" classname="Tests.Feature.Playground.Crm.Api.Http.Controllers.Playground.OrganizationRouteTest" assertions="4" time="0.205752"/>
        <testcase name="test_json_guest_cannot_get_index" file="/app/vendor/gammamatrix/playground-test/src/Feature/Http/Controllers/Resource/Playground/IndexJsonTrait.php" line="34" class="Tests\Feature\Playground\Crm\Api\Http\Controllers\Playground\OrganizationRouteTest" classname="Tests.Feature.Playground.Crm.Api.Http.Controllers.Playground.OrganizationRouteTest" assertions="1" time="0.192781"/>
        <testcase name="test_json_admin_can_get_index" file="/app/vendor/gammamatrix/playground-test/src/Feature/Http/Controllers/Resource/Playground/IndexJsonTrait.php" line="49" class="Tests\Feature\Playground\Crm\Api\Http\Controllers\Playground\OrganizationRouteTest" classname="Tests.Feature.Playground.Crm.Api.Http.Controllers.Playground.OrganizationRouteTest" assertions="101" time="0.211789"/>
        <testcase name="test_json_admin_can_get_index_with_filters" file="/app/vendor/gammamatrix/playground-test/src/Feature/Http/Controllers/Resource/Playground/IndexJsonTrait.php" line="85" class="Tests\Feature\Playground\Crm\Api\Http\Controllers\Playground\OrganizationRouteTest" classname="Tests.Feature.Playground.Crm.Api.Http.Controllers.Playground.OrganizationRouteTest" assertions="3" time="0.209997"/>
        <testcase name="test_json_guest_cannot_lock" file="/app/vendor/gammamatrix/playground-test/src/Feature/Http/Controllers/Resource/Playground/LockJsonTrait.php" line="36" class="Tests\Feature\Playground\Crm\Api\Http\Controllers\Playground\OrganizationRouteTest" classname="Tests.Feature.Playground.Crm.Api.Http.Controllers.Playground.OrganizationRouteTest" assertions="3" time="0.188390"/>
        <testcase name="test_json_lock_as_admin_and_succeed" file="/app/vendor/gammamatrix/playground-test/src/Feature/Http/Controllers/Resource/Playground/LockJsonTrait.php" line="66" class="Tests\Feature\Playground\Crm\Api\Http\Controllers\Playground\OrganizationRouteTest" classname="Tests.Feature.Playground.Crm.Api.Http.Controllers.Playground.OrganizationRouteTest" assertions="3" time="0.212540"/>
        <testcase name="test_json_lock_as_admin_and_succeed_with_no_redirect" file="/app/vendor/gammamatrix/playground-test/src/Feature/Http/Controllers/Resource/Playground/LockJsonTrait.php" line="98" class="Tests\Feature\Playground\Crm\Api\Http\Controllers\Playground\OrganizationRouteTest" classname="Tests.Feature.Playground.Crm.Api.Http.Controllers.Playground.OrganizationRouteTest" assertions="96" time="0.219537"/>
        <testcase name="test_json_lock_as_user_and_get_denied" file="/app/vendor/gammamatrix/playground-test/src/Feature/Http/Controllers/Resource/Playground/LockJsonTrait.php" line="143" class="Tests\Feature\Playground\Crm\Api\Http\Controllers\Playground\OrganizationRouteTest" classname="Tests.Feature.Playground.Crm.Api.Http.Controllers.Playground.OrganizationRouteTest" assertions="3" time="0.196628"/>
        <testcase name="test_json_guest_cannot_restore" file="/app/vendor/gammamatrix/playground-test/src/Feature/Http/Controllers/Resource/Playground/RestoreJsonTrait.php" line="32" class="Tests\Feature\Playground\Crm\Api\Http\Controllers\Playground\OrganizationRouteTest" classname="Tests.Feature.Playground.Crm.Api.Http.Controllers.Playground.OrganizationRouteTest" assertions="3" time="0.190464"/>
        <testcase name="test_json_restore_as_admin_and_succeed" file="/app/vendor/gammamatrix/playground-test/src/Feature/Http/Controllers/Resource/Playground/RestoreJsonTrait.php" line="64" class="Tests\Feature\Playground\Crm\Api\Http\Controllers\Playground\OrganizationRouteTest" classname="Tests.Feature.Playground.Crm.Api.Http.Controllers.Playground.OrganizationRouteTest" assertions="96" time="0.209564"/>
        <testcase name="test_json_restore_as_admin_and_succeed_with_no_redirect" file="/app/vendor/gammamatrix/playground-test/src/Feature/Http/Controllers/Resource/Playground/RestoreJsonTrait.php" line="100" class="Tests\Feature\Playground\Crm\Api\Http\Controllers\Playground\OrganizationRouteTest" classname="Tests.Feature.Playground.Crm.Api.Http.Controllers.Playground.OrganizationRouteTest" assertions="96" time="0.210197"/>
        <testcase name="test_json_restore_as_user_and_get_denied" file="/app/vendor/gammamatrix/playground-test/src/Feature/Http/Controllers/Resource/Playground/RestoreJsonTrait.php" line="143" class="Tests\Feature\Playground\Crm\Api\Http\Controllers\Playground\OrganizationRouteTest" classname="Tests.Feature.Playground.Crm.Api.Http.Controllers.Playground.OrganizationRouteTest" assertions="3" time="0.210381"/>
        <testcase name="test_json_guest_cannot_see_info" file="/app/vendor/gammamatrix/playground-test/src/Feature/Http/Controllers/Resource/Playground/ShowJsonTrait.php" line="29" class="Tests\Feature\Playground\Crm\Api\Http\Controllers\Playground\OrganizationRouteTest" classname="Tests.Feature.Playground.Crm.Api.Http.Controllers.Playground.OrganizationRouteTest" assertions="1" time="0.188333"/>
        <testcase name="test_json_show_info_for_admin" file="/app/vendor/gammamatrix/playground-test/src/Feature/Http/Controllers/Resource/Playground/ShowJsonTrait.php" line="49" class="Tests\Feature\Playground\Crm\Api\Http\Controllers\Playground\OrganizationRouteTest" classname="Tests.Feature.Playground.Crm.Api.Http.Controllers.Playground.OrganizationRouteTest" assertions="95" time="0.203717"/>
        <testcase name="test_json_guest_cannot_store" file="/app/vendor/gammamatrix/playground-test/src/Feature/Http/Controllers/Resource/Playground/StoreJsonTrait.php" line="43" class="Tests\Feature\Playground\Crm\Api\Http\Controllers\Playground\OrganizationRouteTest" classname="Tests.Feature.Playground.Crm.Api.Http.Controllers.Playground.OrganizationRouteTest" assertions="3" time="0.192990"/>
        <testcase name="test_json_store_as_admin_without_payload_and_fail_validation" file="/app/vendor/gammamatrix/playground-test/src/Feature/Http/Controllers/Resource/Playground/StoreJsonTrait.php" line="66" class="Tests\Feature\Playground\Crm\Api\Http\Controllers\Playground\OrganizationRouteTest" classname="Tests.Feature.Playground.Crm.Api.Http.Controllers.Playground.OrganizationRouteTest" assertions="5" time="0.202061"/>
        <testcase name="test_json_store_as_admin_and_succeed" file="/app/vendor/gammamatrix/playground-test/src/Feature/Http/Controllers/Resource/Playground/StoreJsonTrait.php" line="92" class="Tests\Feature\Playground\Crm\Api\Http\Controllers\Playground\OrganizationRouteTest" classname="Tests.Feature.Playground.Crm.Api.Http.Controllers.Playground.OrganizationRouteTest" assertions="3" time="0.239630"/>
        <testcase name="test_json_guest_cannot_unlock" file="/app/vendor/gammamatrix/playground-test/src/Feature/Http/Controllers/Resource/Playground/UnlockJsonTrait.php" line="36" class="Tests\Feature\Playground\Crm\Api\Http\Controllers\Playground\OrganizationRouteTest" classname="Tests.Feature.Playground.Crm.Api.Http.Controllers.Playground.OrganizationRouteTest" assertions="3" time="0.192358"/>
        <testcase name="test_json_unlock_as_admin_and_succeed" file="/app/vendor/gammamatrix/playground-test/src/Feature/Http/Controllers/Resource/Playground/UnlockJsonTrait.php" line="68" class="Tests\Feature\Playground\Crm\Api\Http\Controllers\Playground\OrganizationRouteTest" classname="Tests.Feature.Playground.Crm.Api.Http.Controllers.Playground.OrganizationRouteTest" assertions="96" time="0.218296"/>
        <testcase name="test_json_unlock_as_admin_and_succeed_with_no_redirect" file="/app/vendor/gammamatrix/playground-test/src/Feature/Http/Controllers/Resource/Playground/UnlockJsonTrait.php" line="104" class="Tests\Feature\Playground\Crm\Api\Http\Controllers\Playground\OrganizationRouteTest" classname="Tests.Feature.Playground.Crm.Api.Http.Controllers.Playground.OrganizationRouteTest" assertions="96" time="0.210725"/>
        <testcase name="test_json_unlock_as_user_and_get_denied" file="/app/vendor/gammamatrix/playground-test/src/Feature/Http/Controllers/Resource/Playground/UnlockJsonTrait.php" line="145" class="Tests\Feature\Playground\Crm\Api\Http\Controllers\Playground\OrganizationRouteTest" classname="Tests.Feature.Playground.Crm.Api.Http.Controllers.Playground.OrganizationRouteTest" assertions="3" time="0.202302"/>
        <testcase name="test_json_guest_cannot_update" file="/app/vendor/gammamatrix/playground-test/src/Feature/Http/Controllers/Resource/Playground/UpdateJsonTrait.php" line="45" class="Tests\Feature\Playground\Crm\Api\Http\Controllers\Playground\OrganizationRouteTest" classname="Tests.Feature.Playground.Crm.Api.Http.Controllers.Playground.OrganizationRouteTest" assertions="1" time="0.201219"/>
        <testcase name="test_json_update_as_admin_without_payload_and_fail_validation" file="/app/vendor/gammamatrix/playground-test/src/Feature/Http/Controllers/Resource/Playground/UpdateJsonTrait.php" line="65" class="Tests\Feature\Playground\Crm\Api\Http\Controllers\Playground\OrganizationRouteTest" classname="Tests.Feature.Playground.Crm.Api.Http.Controllers.Playground.OrganizationRouteTest" assertions="4" time="0.213795"/>
        <testcase name="test_json_admin_can_update" file="/app/vendor/gammamatrix/playground-test/src/Feature/Http/Controllers/Resource/Playground/UpdateJsonTrait.php" line="90" class="Tests\Feature\Playground\Crm\Api\Http\Controllers\Playground\OrganizationRouteTest" classname="Tests.Feature.Playground.Crm.Api.Http.Controllers.Playground.OrganizationRouteTest" assertions="98" time="0.253510"/>
      </testsuite>
      <testsuite name="Tests\Feature\Playground\Crm\Api\Http\Controllers\Playground\PeopleRouteTest" file="/app/tests/Feature/Http/Controllers/Playground/PeopleRouteTest.php" tests="35" assertions="949" errors="0" failures="0" skipped="0" time="7.174860">
        <testcase name="test_json_guest_cannot_get_create_info" file="/app/vendor/gammamatrix/playground-test/src/Feature/Http/Controllers/Resource/Playground/CreateJsonTrait.php" line="38" class="Tests\Feature\Playground\Crm\Api\Http\Controllers\Playground\PeopleRouteTest" classname="Tests.Feature.Playground.Crm.Api.Http.Controllers.Playground.PeopleRouteTest" assertions="1" time="0.204337"/>
        <testcase name="test_json_admin_can_get_create_info" file="/app/vendor/gammamatrix/playground-test/src/Feature/Http/Controllers/Resource/Playground/CreateJsonTrait.php" line="53" class="Tests\Feature\Playground\Crm\Api\Http\Controllers\Playground\PeopleRouteTest" classname="Tests.Feature.Playground.Crm.Api.Http.Controllers.Playground.PeopleRouteTest" assertions="94" time="0.201544"/>
        <testcase name="test_json_get_create_info_as_admin_with_invalid_parameter_and_fail_validation" file="/app/vendor/gammamatrix/playground-test/src/Feature/Http/Controllers/Resource/Playground/CreateJsonTrait.php" line="73" class="Tests\Feature\Playground\Crm\Api\Http\Controllers\Playground\PeopleRouteTest" classname="Tests.Feature.Playground.Crm.Api.Http.Controllers.Playground.PeopleRouteTest" assertions="4" time="0.196759"/>
        <testcase name="test_json_guest_cannot_destroy" file="/app/vendor/gammamatrix/playground-test/src/Feature/Http/Controllers/Resource/Playground/DestroyJsonTrait.php" line="31" class="Tests\Feature\Playground\Crm\Api\Http\Controllers\Playground\PeopleRouteTest" classname="Tests.Feature.Playground.Crm.Api.Http.Controllers.Playground.PeopleRouteTest" assertions="3" time="0.190618"/>
        <testcase name="test_json_destroy_as_admin_and_succeed" file="/app/vendor/gammamatrix/playground-test/src/Feature/Http/Controllers/Resource/Playground/DestroyJsonTrait.php" line="61" class="Tests\Feature\Playground\Crm\Api\Http\Controllers\Playground\PeopleRouteTest" classname="Tests.Feature.Playground.Crm.Api.Http.Controllers.Playground.PeopleRouteTest" assertions="5" time="0.196491"/>
        <testcase name="test_json_destroy_as_admin_and_succeed_with_force_delete" file="/app/vendor/gammamatrix/playground-test/src/Feature/Http/Controllers/Resource/Playground/DestroyJsonTrait.php" line="100" class="Tests\Feature\Playground\Crm\Api\Http\Controllers\Playground\PeopleRouteTest" classname="Tests.Feature.Playground.Crm.Api.Http.Controllers.Playground.PeopleRouteTest" assertions="4" time="0.194590"/>
        <testcase name="test_json_destroy_as_admin_and_succeed_with_no_content" file="/app/vendor/gammamatrix/playground-test/src/Feature/Http/Controllers/Resource/Playground/DestroyJsonTrait.php" line="132" class="Tests\Feature\Playground\Crm\Api\Http\Controllers\Playground\PeopleRouteTest" classname="Tests.Feature.Playground.Crm.Api.Http.Controllers.Playground.PeopleRouteTest" assertions="5" time="0.197828"/>
        <testcase name="test_json_destroy_as_admin_and_succeed_and_ignore_redirect" file="/app/vendor/gammamatrix/playground-test/src/Feature/Http/Controllers/Resource/Playground/DestroyJsonTrait.php" line="167" class="Tests\Feature\Playground\Crm\Api\Http\Controllers\Playground\PeopleRouteTest" classname="Tests.Feature.Playground.Crm.Api.Http.Controllers.Playground.PeopleRouteTest" assertions="5" time="0.209482"/>
        <testcase name="test_json_destroy_as_user_and_get_denied_and_no_force_delete_allowed" file="/app/vendor/gammamatrix/playground-test/src/Feature/Http/Controllers/Resource/Playground/DestroyJsonTrait.php" line="209" class="Tests\Feature\Playground\Crm\Api\Http\Controllers\Playground\PeopleRouteTest" classname="Tests.Feature.Playground.Crm.Api.Http.Controllers.Playground.PeopleRouteTest" assertions="3" time="0.194357"/>
        <testcase name="test_json_guest_cannot_get_edit_info" file="/app/vendor/gammamatrix/playground-test/src/Feature/Http/Controllers/Resource/Playground/EditJsonTrait.php" line="38" class="Tests\Feature\Playground\Crm\Api\Http\Controllers\Playground\PeopleRouteTest" classname="Tests.Feature.Playground.Crm.Api.Http.Controllers.Playground.PeopleRouteTest" assertions="1" time="0.184605"/>
        <testcase name="test_json_admin_can_get_edit_info" file="/app/vendor/gammamatrix/playground-test/src/Feature/Http/Controllers/Resource/Playground/EditJsonTrait.php" line="58" class="Tests\Feature\Playground\Crm\Api\Http\Controllers\Playground\PeopleRouteTest" classname="Tests.Feature.Playground.Crm.Api.Http.Controllers.Playground.PeopleRouteTest" assertions="4" time="0.208277"/>
        <testcase name="test_json_edit_as_admin_and_fail_validation_with_invalid_parameter" file="/app/vendor/gammamatrix/playground-test/src/Feature/Http/Controllers/Resource/Playground/EditJsonTrait.php" line="87" class="Tests\Feature\Playground\Crm\Api\Http\Controllers\Playground\PeopleRouteTest" classname="Tests.Feature.Playground.Crm.Api.Http.Controllers.Playground.PeopleRouteTest" assertions="4" time="0.207811"/>
        <testcase name="test_json_guest_cannot_get_index" file="/app/vendor/gammamatrix/playground-test/src/Feature/Http/Controllers/Resource/Playground/IndexJsonTrait.php" line="34" class="Tests\Feature\Playground\Crm\Api\Http\Controllers\Playground\PeopleRouteTest" classname="Tests.Feature.Playground.Crm.Api.Http.Controllers.Playground.PeopleRouteTest" assertions="1" time="0.201362"/>
        <testcase name="test_json_admin_can_get_index" file="/app/vendor/gammamatrix/playground-test/src/Feature/Http/Controllers/Resource/Playground/IndexJsonTrait.php" line="49" class="Tests\Feature\Playground\Crm\Api\Http\Controllers\Playground\PeopleRouteTest" classname="Tests.Feature.Playground.Crm.Api.Http.Controllers.Playground.PeopleRouteTest" assertions="101" time="0.212240"/>
        <testcase name="test_json_admin_can_get_index_with_filters" file="/app/vendor/gammamatrix/playground-test/src/Feature/Http/Controllers/Resource/Playground/IndexJsonTrait.php" line="85" class="Tests\Feature\Playground\Crm\Api\Http\Controllers\Playground\PeopleRouteTest" classname="Tests.Feature.Playground.Crm.Api.Http.Controllers.Playground.PeopleRouteTest" assertions="3" time="0.210885"/>
        <testcase name="test_json_guest_cannot_lock" file="/app/vendor/gammamatrix/playground-test/src/Feature/Http/Controllers/Resource/Playground/LockJsonTrait.php" line="36" class="Tests\Feature\Playground\Crm\Api\Http\Controllers\Playground\PeopleRouteTest" classname="Tests.Feature.Playground.Crm.Api.Http.Controllers.Playground.PeopleRouteTest" assertions="3" time="0.187710"/>
        <testcase name="test_json_lock_as_admin_and_succeed" file="/app/vendor/gammamatrix/playground-test/src/Feature/Http/Controllers/Resource/Playground/LockJsonTrait.php" line="66" class="Tests\Feature\Playground\Crm\Api\Http\Controllers\Playground\PeopleRouteTest" classname="Tests.Feature.Playground.Crm.Api.Http.Controllers.Playground.PeopleRouteTest" assertions="3" time="0.205763"/>
        <testcase name="test_json_lock_as_admin_and_succeed_with_no_redirect" file="/app/vendor/gammamatrix/playground-test/src/Feature/Http/Controllers/Resource/Playground/LockJsonTrait.php" line="98" class="Tests\Feature\Playground\Crm\Api\Http\Controllers\Playground\PeopleRouteTest" classname="Tests.Feature.Playground.Crm.Api.Http.Controllers.Playground.PeopleRouteTest" assertions="96" time="0.215156"/>
        <testcase name="test_json_lock_as_user_and_get_denied" file="/app/vendor/gammamatrix/playground-test/src/Feature/Http/Controllers/Resource/Playground/LockJsonTrait.php" line="143" class="Tests\Feature\Playground\Crm\Api\Http\Controllers\Playground\PeopleRouteTest" classname="Tests.Feature.Playground.Crm.Api.Http.Controllers.Playground.PeopleRouteTest" assertions="3" time="0.200191"/>
        <testcase name="test_json_guest_cannot_restore" file="/app/vendor/gammamatrix/playground-test/src/Feature/Http/Controllers/Resource/Playground/RestoreJsonTrait.php" line="32" class="Tests\Feature\Playground\Crm\Api\Http\Controllers\Playground\PeopleRouteTest" classname="Tests.Feature.Playground.Crm.Api.Http.Controllers.Playground.PeopleRouteTest" assertions="3" time="0.189844"/>
        <testcase name="test_json_restore_as_admin_and_succeed" file="/app/vendor/gammamatrix/playground-test/src/Feature/Http/Controllers/Resource/Playground/RestoreJsonTrait.php" line="64" class="Tests\Feature\Playground\Crm\Api\Http\Controllers\Playground\PeopleRouteTest" classname="Tests.Feature.Playground.Crm.Api.Http.Controllers.Playground.PeopleRouteTest" assertions="96" time="0.213565"/>
        <testcase name="test_json_restore_as_admin_and_succeed_with_no_redirect" file="/app/vendor/gammamatrix/playground-test/src/Feature/Http/Controllers/Resource/Playground/RestoreJsonTrait.php" line="100" class="Tests\Feature\Playground\Crm\Api\Http\Controllers\Playground\PeopleRouteTest" classname="Tests.Feature.Playground.Crm.Api.Http.Controllers.Playground.PeopleRouteTest" assertions="96" time="0.209868"/>
        <testcase name="test_json_restore_as_user_and_get_denied" file="/app/vendor/gammamatrix/playground-test/src/Feature/Http/Controllers/Resource/Playground/RestoreJsonTrait.php" line="143" class="Tests\Feature\Playground\Crm\Api\Http\Controllers\Playground\PeopleRouteTest" classname="Tests.Feature.Playground.Crm.Api.Http.Controllers.Playground.PeopleRouteTest" assertions="3" time="0.215039"/>
        <testcase name="test_json_guest_cannot_see_info" file="/app/vendor/gammamatrix/playground-test/src/Feature/Http/Controllers/Resource/Playground/ShowJsonTrait.php" line="29" class="Tests\Feature\Playground\Crm\Api\Http\Controllers\Playground\PeopleRouteTest" classname="Tests.Feature.Playground.Crm.Api.Http.Controllers.Playground.PeopleRouteTest" assertions="1" time="0.188131"/>
        <testcase name="test_json_show_info_for_admin" file="/app/vendor/gammamatrix/playground-test/src/Feature/Http/Controllers/Resource/Playground/ShowJsonTrait.php" line="49" class="Tests\Feature\Playground\Crm\Api\Http\Controllers\Playground\PeopleRouteTest" classname="Tests.Feature.Playground.Crm.Api.Http.Controllers.Playground.PeopleRouteTest" assertions="95" time="0.206170"/>
        <testcase name="test_json_guest_cannot_store" file="/app/vendor/gammamatrix/playground-test/src/Feature/Http/Controllers/Resource/Playground/StoreJsonTrait.php" line="43" class="Tests\Feature\Playground\Crm\Api\Http\Controllers\Playground\PeopleRouteTest" classname="Tests.Feature.Playground.Crm.Api.Http.Controllers.Playground.PeopleRouteTest" assertions="3" time="0.189020"/>
        <testcase name="test_json_store_as_admin_without_payload_and_fail_validation" file="/app/vendor/gammamatrix/playground-test/src/Feature/Http/Controllers/Resource/Playground/StoreJsonTrait.php" line="66" class="Tests\Feature\Playground\Crm\Api\Http\Controllers\Playground\PeopleRouteTest" classname="Tests.Feature.Playground.Crm.Api.Http.Controllers.Playground.PeopleRouteTest" assertions="5" time="0.202013"/>
        <testcase name="test_json_store_as_admin_and_succeed" file="/app/vendor/gammamatrix/playground-test/src/Feature/Http/Controllers/Resource/Playground/StoreJsonTrait.php" line="92" class="Tests\Feature\Playground\Crm\Api\Http\Controllers\Playground\PeopleRouteTest" classname="Tests.Feature.Playground.Crm.Api.Http.Controllers.Playground.PeopleRouteTest" assertions="3" time="0.238456"/>
        <testcase name="test_json_guest_cannot_unlock" file="/app/vendor/gammamatrix/playground-test/src/Feature/Http/Controllers/Resource/Playground/UnlockJsonTrait.php" line="36" class="Tests\Feature\Playground\Crm\Api\Http\Controllers\Playground\PeopleRouteTest" classname="Tests.Feature.Playground.Crm.Api.Http.Controllers.Playground.PeopleRouteTest" assertions="3" time="0.193652"/>
        <testcase name="test_json_unlock_as_admin_and_succeed" file="/app/vendor/gammamatrix/playground-test/src/Feature/Http/Controllers/Resource/Playground/UnlockJsonTrait.php" line="68" class="Tests\Feature\Playground\Crm\Api\Http\Controllers\Playground\PeopleRouteTest" classname="Tests.Feature.Playground.Crm.Api.Http.Controllers.Playground.PeopleRouteTest" assertions="96" time="0.220891"/>
        <testcase name="test_json_unlock_as_admin_and_succeed_with_no_redirect" file="/app/vendor/gammamatrix/playground-test/src/Feature/Http/Controllers/Resource/Playground/UnlockJsonTrait.php" line="104" class="Tests\Feature\Playground\Crm\Api\Http\Controllers\Playground\PeopleRouteTest" classname="Tests.Feature.Playground.Crm.Api.Http.Controllers.Playground.PeopleRouteTest" assertions="96" time="0.218860"/>
        <testcase name="test_json_unlock_as_user_and_get_denied" file="/app/vendor/gammamatrix/playground-test/src/Feature/Http/Controllers/Resource/Playground/UnlockJsonTrait.php" line="145" class="Tests\Feature\Playground\Crm\Api\Http\Controllers\Playground\PeopleRouteTest" classname="Tests.Feature.Playground.Crm.Api.Http.Controllers.Playground.PeopleRouteTest" assertions="3" time="0.211098"/>
        <testcase name="test_json_guest_cannot_update" file="/app/vendor/gammamatrix/playground-test/src/Feature/Http/Controllers/Resource/Playground/UpdateJsonTrait.php" line="45" class="Tests\Feature\Playground\Crm\Api\Http\Controllers\Playground\PeopleRouteTest" classname="Tests.Feature.Playground.Crm.Api.Http.Controllers.Playground.PeopleRouteTest" assertions="1" time="0.191693"/>
        <testcase name="test_json_update_as_admin_without_payload_and_fail_validation" file="/app/vendor/gammamatrix/playground-test/src/Feature/Http/Controllers/Resource/Playground/UpdateJsonTrait.php" line="65" class="Tests\Feature\Playground\Crm\Api\Http\Controllers\Playground\PeopleRouteTest" classname="Tests.Feature.Playground.Crm.Api.Http.Controllers.Playground.PeopleRouteTest" assertions="4" time="0.213640"/>
        <testcase name="test_json_admin_can_update" file="/app/vendor/gammamatrix/playground-test/src/Feature/Http/Controllers/Resource/Playground/UpdateJsonTrait.php" line="90" class="Tests\Feature\Playground\Crm\Api\Http\Controllers\Playground\PeopleRouteTest" classname="Tests.Feature.Playground.Crm.Api.Http.Controllers.Playground.PeopleRouteTest" assertions="98" time="0.252915"/>
      </testsuite>
      <testsuite name="Tests\Feature\Playground\Crm\Api\Http\Requests\FormRequest\InstanceTest" file="/app/tests/Feature/Http/Requests/FormRequest/InstanceTest.php" tests="1" assertions="1" errors="0" failures="0" skipped="0" time="0.174191">
        <testcase name="test_FormRequest_authorize_with_admin" file="/app/tests/Feature/Http/Requests/FormRequest/InstanceTest.php" line="21" class="Tests\Feature\Playground\Crm\Api\Http\Requests\FormRequest\InstanceTest" classname="Tests.Feature.Playground.Crm.Api.Http.Requests.FormRequest.InstanceTest" assertions="1" time="0.174191"/>
      </testsuite>
    </testsuite>
  </testsuite>
</testsuites>
